0.00490009784698486 0.00289502493613916
0.00980031490325928 0.00710375866682885
0.0147005319595337 0.0135993188176621
0.0196007490158081 0.0171755260917163
0.0245009660720825 0.0220411142196813
0.0294011831283569 0.0285610023111544
0.0343014001846313 0.0328183919231237
0.0392016172409058 0.0387057535579613
0.0441018342971802 0.0430117990512103
0.0490020513534546 0.0544216032112882
0.053902268409729 0.0543972752706483
0.0588024854660034 0.0612334265904391
0.0637027025222778 0.0679236102663909
0.0686029195785522 0.0691886631796618
0.0735031366348267 0.0786279041479139
0.0784033536911011 0.0847342172485099
0.0833035707473755 0.0900377083079917
0.0882037878036499 0.0993309816324048
0.0931040048599243 0.105899525605158
0.0980042219161987 0.110156915217127
0.102904438972473 0.120253010582654
0.107804656028748 0.125580829582776
0.112704873085022 0.12915703685683
0.117605090141296 0.138207030774845
0.122505307197571 0.144580951222479
0.127405524253845 0.154336455419049
0.13230574131012 0.162656611117869
0.137205958366394 0.173190609414913
0.142106175422668 0.173458216761951
0.147006392478943 0.186789928232575
0.151906609535217 0.193139520739569
0.156806826591492 0.202992336698698
0.161707043647766 0.212018002676073
0.166607260704041 0.219000121639703
0.171507477760315 0.22770952438876
0.176407694816589 0.232550784576086
0.181307911872864 0.245249969590074
0.186208128929138 0.255151441430483
0.191108345985413 0.265588127964968
0.196008563041687 0.271986376353242
0.200908780097961 0.287069699549933
0.205808997154236 0.294927624376597
0.21070921421051 0.30001216397032
0.215609431266785 0.312395085755991
0.220509648323059 0.32633499574261
0.225409865379333 0.342075173336577
0.230310082435608 0.350176377569639
0.235210299491882 0.365502980172728
0.240110516548157 0.368787252159105
0.245010733604431 0.385305923853546
0.249910950660706 0.401143413210072
0.25481116771698 0.41664031139764
0.259711384773254 0.423719742123829
0.264611601829529 0.443133438754409
0.269511818885803 0.456416494343754
0.274412035942078 0.463082350079066
0.279312252998352 0.467072132343997
0.284212470054626 0.497701009609537
0.289112687110901 0.511008393139521
0.294012904167175 0.530738352998419
0.29891312122345 0.543705145359445
0.303813338279724 0.569809025665977
0.308713555335999 0.583602968008758
0.313613772392273 0.596642744191704
0.318513989448547 0.620605765721932
0.323414206504822 0.646588006325265
0.328314423561096 0.673081133682034
0.333214640617371 0.66809390585087
0.338114857673645 0.707553825568666
0.343015074729919 0.719839435591777
0.347915291786194 0.756136723026396
0.352815508842468 0.764262255200097
0.357715725898743 0.797396910351539
0.362615942955017 0.818270283420508
0.367516160011292 0.845249969590074
0.372416377067566 0.862912054494587
0.37731659412384 0.903028828609658
0.382216811180115 0.924753679601022
0.387117028236389 0.975331468191218
0.392017245292664 1.01432915703686
0.396917462348938 1.07726553947208
0.401817679405212 1.0781900012164
0.406717896461487 1.13521469407615
0.411618113517761 1.17805619754288
0.416518330574036 1.20924461744313
0.42141854763031 1.27473543364554
0.426318764686584 1.34407006446904
0.431218981742859 1.36611117868872
0.436119198799133 1.46191460892835
0.441019415855408 1.52438876049142
0.445919632911682 1.58041600778494
0.450819849967957 1.67777642622552
0.455720067024231 1.7888821311276
0.460620284080505 1.81751611726067
0.46552050113678 1.96015083323197
0.470420718193054 2.15153874224547
0.475320935249329 2.25079674005595
0.480221152305603 112.818756842233
0.485121369361877 228.043595669627
0.490000009536743 9386.4445557619
