0.00490009784698486 0.00248144994526213
0.00980031490325928 0.00669018367595183
0.0147005319595337 0.0117260673883956
0.0196007490158081 0.0177107407857925
0.0245009660720825 0.0232818391923124
0.0294011831283569 0.0286583140737137
0.0343014001846313 0.0324048169322467
0.0392016172409058 0.0385354579734825
0.0441018342971802 0.0449337063617565
0.0490020513534546 0.0505048047682764
0.053902268409729 0.0558082958277582
0.0588024854660034 0.0618416251064347
0.0637027025222778 0.0665125897092811
0.0686029195785522 0.0733973969103515
0.0735031366348267 0.0802578761707821
0.0784033536911011 0.0861695657462596
0.0833035707473755 0.0910108259335847
0.0882037878036499 0.0982605522442525
0.0931040048599243 0.10283420508454
0.0980042219161987 0.111032721080161
0.102904438972473 0.114925191582533
0.107804656028748 0.124632039897823
0.112704873085022 0.132927867656003
0.117605090141296 0.142050845395937
0.122505307197571 0.141929205692738
0.127405524253845 0.151806349592507
0.13230574131012 0.166451769857682
0.137205958366394 0.168227709524389
0.142106175422668 0.176839800510887
0.147006392478943 0.184259822406033
0.151906609535217 0.187373798807931
0.156806826591492 0.206592871913393
0.161707043647766 0.20688480720107
0.166607260704041 0.220192190731055
0.171507477760315 0.225082106799659
0.176407694816589 0.236394599197178
0.181307911872864 0.246612334265904
0.186208128929138 0.254859506142805
0.191108345985413 0.264858289745773
0.196008563041687 0.267899282325751
0.200908780097961 0.281474273202773
0.205808997154236 0.299063374285367
0.21070921421051 0.305364310911081
0.215609431266785 0.319742123829218
0.220509648323059 0.329862547135385
0.225409865379333 0.334460527916312
0.230310082435608 0.347548959980538
0.235210299491882 0.366184162510643
0.240110516548157 0.384503101812432
0.245010733604431 0.392798929570612
0.249910950660706 0.401654299963508
0.25481116771698 0.400267607347038
0.259711384773254 0.427466244982362
0.264611601829529 0.43337793455784
0.269511818885803 0.464809633864493
0.274412035942078 0.468312857316628
0.279312252998352 0.483420508453959
0.284212470054626 0.502153022746625
0.289112687110901 0.521104488505048
0.294012904167175 0.526480963386449
0.29891312122345 0.548692373190609
0.303813338279724 0.574017759396667
0.308713555335999 0.584892348862669
0.313613772392273 0.594720836881158
0.318513989448547 0.619997567205936
0.323414206504822 0.635324169809026
0.328314423561096 0.658046466366622
0.333214640617371 0.685318087823866
0.338114857673645 0.708089040262742
0.343015074729919 0.73336577058752
0.347915291786194 0.748327454081012
0.352815508842468 0.772850018245955
0.357715725898743 0.794574869237319
0.362615942955017 0.814694076146454
0.367516160011292 0.857243644325508
0.372416377067566 0.896460284636906
0.37731659412384 0.904610144751247
0.382216811180115 0.940664152779467
0.387117028236389 0.983019097433402
0.392017245292664 1.01425617321494
0.396917462348938 1.03853545797348
0.401817679405212 1.08916190244496
0.406717896461487 1.15119815107651
0.411618113517761 1.17664517698577
0.416518330574036 1.21719985403236
0.42141854763031 1.28529375988323
0.426318764686584 1.33497141466975
0.431218981742859 1.41498601143413
0.436119198799133 1.46298503831651
0.441019415855408 1.54866804524997
0.445919632911682 1.60678749543851
0.450819849967957 1.66454202651746
0.455720067024231 1.77117139034181
0.460620284080505 1.88694805984673
0.46552050113678 1.96623281839192
0.470420718193054 2.10290718890646
0.475320935249329 2.28728865101569
0.480221152305603 275.071791752828
0.485121369361877 282.7249239751855
0.490000009536743 10065.8145342586
