0.00490009784698486 0.000900133803673519
0.00980031490325928 0.000486558812796497
0.0147005319595337 0.000364919109597373
0.0196007490158081 0.000291935287677898
0.0245009660720825 0.000243279406398248
0.0294011831283569 0.000243279406398248
0.0343014001846313 0.000243279406398248
0.0392016172409058 0.000243279406398248
0.0441018342971802 0.000267607347038073
0.0490020513534546 0.000243279406398248
0.053902268409729 0.000243279406398248
0.0588024854660034 0.000267607347038073
0.0637027025222778 0.000243279406398248
0.0686029195785522 0.000267607347038073
0.0735031366348267 0.000267607347038073
0.0784033536911011 0.000267607347038073
0.0833035707473755 0.000316263228317723
0.0882037878036499 0.000267607347038073
0.0931040048599243 0.000291935287677898
0.0980042219161987 0.000267607347038073
0.102904438972473 0.000267607347038073
0.107804656028748 0.000291935287677898
0.112704873085022 0.000291935287677898
0.117605090141296 0.000267607347038073
0.122505307197571 0.000291935287677898
0.127405524253845 0.000291935287677898
0.13230574131012 0.000291935287677898
0.137205958366394 0.000291935287677898
0.142106175422668 0.000291935287677898
0.147006392478943 0.000316263228317723
0.151906609535217 0.000291935287677898
0.156806826591492 0.000291935287677898
0.161707043647766 0.000316263228317723
0.166607260704041 0.000316263228317723
0.171507477760315 0.000291935287677898
0.176407694816589 0.000291935287677898
0.181307911872864 0.000316263228317723
0.186208128929138 0.000316263228317723
0.191108345985413 0.000316263228317723
0.196008563041687 0.000340591168957548
0.200908780097961 0.000340591168957548
0.205808997154236 0.000340591168957548
0.21070921421051 0.000316263228317723
0.215609431266785 0.000340591168957548
0.220509648323059 0.000340591168957548
0.225409865379333 0.000340591168957548
0.230310082435608 0.000340591168957548
0.235210299491882 0.000364919109597373
0.240110516548157 0.000340591168957548
0.245010733604431 0.000413574990877022
0.249910950660706 0.000364919109597373
0.25481116771698 0.000389247050237197
0.259711384773254 0.000364919109597373
0.264611601829529 0.000437902931516847
0.269511818885803 0.000389247050237197
0.274412035942078 0.000389247050237197
0.279312252998352 0.000389247050237197
0.284212470054626 0.000413574990877022
0.289112687110901 0.000437902931516847
0.294012904167175 0.000413574990877022
0.29891312122345 0.000413574990877022
0.303813338279724 0.000413574990877022
0.308713555335999 0.000437902931516847
0.313613772392273 0.000413574990877022
0.318513989448547 0.000437902931516847
0.323414206504822 0.000437902931516847
0.328314423561096 0.000486558812796497
0.333214640617371 0.000462230872156672
0.338114857673645 0.000462230872156672
0.343015074729919 0.000486558812796497
0.347915291786194 0.000486558812796497
0.352815508842468 0.000486558812796497
0.357715725898743 0.000510886753436322
0.362615942955017 0.000486558812796497
0.367516160011292 0.000535214694076146
0.372416377067566 0.000510886753436322
0.37731659412384 0.000510886753436322
0.382216811180115 0.000535214694076146
0.387117028236389 0.000583870575355796
0.392017245292664 0.000583870575355796
0.396917462348938 0.000583870575355796
0.401817679405212 0.000608198515995621
0.406717896461487 0.000608198515995621
0.411618113517761 0.00070551027855492
0.416518330574036 0.000656854397275271
0.42141854763031 0.000656854397275271
0.426318764686584 0.000656854397275271
0.431218981742859 0.000656854397275271
0.436119198799133 0.000681182337915095
0.441019415855408 0.00070551027855492
0.445919632911682 0.00075416615983457
0.450819849967957 0.000729838219194745
0.455720067024231 0.000778494100474395
0.460620284080505 0.00080282204111422
0.46552050113678 0.000851477922393869
0.470420718193054 0.000948789684953169
0.475320935249329 0.00102177350687264
0.480221152305603 0.00104610144751247
0.485121369361877 0.209001338036735
0.490000009536743 6.04310429088066
