0.00950002670288086 0.0041660392511168
0.0190001726150513 0.0149701350198263
0.0285003185272217 0.0252346534156503
0.0380004644393921 0.035085077548562
0.0475006103515625 0.0450358881694524
0.0570007562637329 0.0569191386839331
0.0665009021759033 0.0675099131656879
0.0760010480880737 0.0802339005169904
0.0855011940002441 0.0922300858304472
0.0950013399124146 0.106823771520353
0.104501485824585 0.118794860211815
0.114001631736755 0.127114390403052
0.123501777648926 0.144255383225418
0.133001923561096 0.157280530040657
0.142502069473267 0.174496812729007
0.152002215385437 0.186643577774432
0.161502361297607 0.200082818852582
0.171002507209778 0.220348341113286
0.180502653121948 0.235920795060985
0.190002799034119 0.252898659840386
0.199502944946289 0.264430557646941
0.209003090858459 0.286917130954174
0.21850323677063 0.305036892034332
0.2280033826828 0.327849721427496
0.237503528594971 0.347613311248306
0.247003674507141 0.370212819354515
0.256503820419312 0.393100938613663
0.266003966331482 0.415876123073834
0.275504112243652 0.43698238217136
0.285004258155823 0.459770114942529
0.294504404067993 0.485004768358179
0.304004549980164 0.51938714049089
0.313504695892334 0.540280078301461
0.323004841804504 0.572127691612709
0.332504987716675 0.602820860312202
0.342005133628845 0.645221603172213
0.351505279541016 0.668473623450284
0.361005425453186 0.711388847061186
0.370505571365356 0.741078150880891
0.380005717277527 0.780781006876474
0.389505863189697 0.810545600562164
0.399006009101868 0.861592129699343
0.408506155014038 0.91754504843648
0.418006300926208 0.951212166842343
0.427506446838379 1.01741705566431
0.437006592750549 1.04253877428098
0.44650673866272 1.10534307082267
0.45600688457489 1.14704110826683
0.465507030487061 1.22258194047081
0.475007176399231 1.27416804698088
0.484507322311401 1.35338553430708
0.494007468223572 1.4032901671435
0.503507614135742 1.48369974401446
0.513007760047913 1.56292977965166
0.522507905960083 1.62915976509562
0.532008051872253 1.72854238819455
0.541508197784424 1.83525322491593
0.551008343696594 1.92260201776841
0.560508489608765 2.0372433870401
0.570008635520935 2.12977463233449
0.579508781433105 2.25055212568388
0.589008927345276 2.41022938312503
0.598509073257446 2.50508206595392
0.608009219169617 2.6712091552477
0.617509365081787 2.7990764443106
0.627009510993958 3.00926065351604
0.636509656906128 3.19491291472168
0.646009802818298 3.42465994077197
0.655509948730469 3.54823570747377
0.665010094642639 3.83328314008934
0.67451024055481 4.07621844099784
0.68401038646698 4.37816844852683
0.69351053237915 4.64354012949857
0.703010678291321 4.94847663504492
0.712510824203491 5.36299754053104
0.722010970115662 5.75016312804297
0.731511116027832 6.18484916930181
0.741011261940002 6.63176981378307
0.750511407852173 7.19230286603423
0.760011553764343 7.78025397781459
0.769511699676514 8.55775987552076
0.779011845588684 9.3009335943382
0.788511991500854 10.231365758169
0.798012137413025 11.1454976660142
0.807512283325195 12.3828866134618
0.817012429237366 13.7481303016614
0.826512575149536 15.2909702354063
0.836012721061707 16.8617929026753
0.845512866973877 19.3612533253024
0.855013012886047 21.5679742006726
0.864513158798218 24.8769136174271
0.874013304710388 28.6804572604527
0.883513450622559 33.5278572504141
0.893013596534729 39.5050820659539
0.902513742446899 47.2646940721779
0.91201388835907 57.6819128645284
0.92151403427124 72.3428198564473
0.931014180183411 92.5390503438237
0.940514326095581 121.791321588114
0.950000047683716 165.518417513918
