0.00950002670288086 0.00480600311198113
0.0190001726150513 0.0146940721778849
0.0285003185272217 0.0244692064448125
0.0380004644393921 0.0360262008733624
0.0475006103515625 0.0465165888671385
0.0570007562637329 0.0565552376650103
0.0665009021759033 0.0679491040505948
0.0760010480880737 0.0799076444310596
0.0855011940002441 0.0916528635245696
0.0950013399124146 0.102770667068213
0.104501485824585 0.116197359835366
0.114001631736755 0.128657832655725
0.123501777648926 0.141959042312905
0.133001923561096 0.159024745269287
0.142502069473267 0.174722682326959
0.152002215385437 0.190696682226572
0.161502361297607 0.201061587110375
0.171002507209778 0.218742157305627
0.180502653121948 0.236359985945892
0.190002799034119 0.249949806756011
0.199502944946289 0.271143904030517
0.209003090858459 0.289414244842644
0.21850323677063 0.31146162726497
0.2280033826828 0.329769613010089
0.237503528594971 0.343095919289264
0.247003674507141 0.373312252170858
0.256503820419312 0.392724489283742
0.266003966331482 0.417055664307584
0.275504112243652 0.443382020780003
0.285004258155823 0.46712342518697
0.294504404067993 0.491165989057873
0.304004549980164 0.519537720222858
0.313504695892334 0.546579330422125
0.323004841804504 0.571236761531898
0.332504987716675 0.603372985996085
0.342005133628845 0.634317120915525
0.351505279541016 0.664759323395071
0.361005425453186 0.709606986899563
0.370505571365356 0.741705566430758
0.380005717277527 0.788887215780756
0.389505863189697 0.81712091552477
0.399006009101868 0.858706018169954
0.408506155014038 0.908949455403303
0.418006300926208 0.95792551322592
0.427506446838379 1.00261004868745
0.437006592750549 1.05656778597601
0.44650673866272 1.11748983586809
0.45600688457489 1.16172263213371
0.465507030487061 1.22200471816493
0.475007176399231 1.26847111378808
0.484507322311401 1.33604376850876
0.494007468223572 1.42676805701953
0.503507614135742 1.49771620739848
0.513007760047913 1.56963057772424
0.522507905960083 1.64612508156402
0.532008051872253 1.75043919088491
0.541508197784424 1.81330622898158
0.551008343696594 1.92710686141645
0.560508489608765 2.03516036741455
0.570008635520935 2.14098027405511
0.579508781433105 2.25686392611554
0.589008927345276 2.40214827084274
0.598509073257446 2.51867188676404
0.608009219169617 2.6877227325202
0.617509365081787 2.83703508507755
0.627009510993958 2.98307232846459
0.636509656906128 3.19304321638307
0.646009802818298 3.37816844852683
0.655509948730469 3.56988154394419
0.665010094642639 3.83378507252924
0.67451024055481 4.0830070772474
0.68401038646698 4.37894644380866
0.69351053237915 4.64882296842845
0.703010678291321 5.01129347989761
0.712510824203491 5.33290669075942
0.722010970115662 5.78054258896753
0.731511116027832 6.21772574411484
0.741011261940002 6.72230587762887
0.750511407852173 7.25666315313959
0.760011553764343 7.83629473472871
0.769511699676514 8.39439341464639
0.779011845588684 9.334901872208
0.788511991500854 10.2423831752246
0.798012137413025 11.2557471264368
0.807512283325195 12.2703157155047
0.817012429237366 13.7743939165788
0.826512575149536 15.4127390453245
0.836012721061707 16.9513000050193
0.845512866973877 19.3378883702254
0.855013012886047 21.6670431159966
0.864513158798218 24.9639612508156
0.874013304710388 29.1340410580736
0.883513450622559 33.6638182000703
0.893013596534729 40.0796064849671
0.902513742446899 47.905486121568
0.91201388835907 57.6240776991417
0.92151403427124 72.1088064046579
0.931014180183411 91.3531722130201
0.940514326095581 121.210184209205
0.950000047683716 167.96704829649
