0.00950002670288086 0.000589770616874969
0.0190001726150513 0.000238417908949455
0.0285003185272217 0.000163128042965417
0.0380004644393921 0.000150579731968077
0.0475006103515625 0.000150579731968077
0.0570007562637329 0.000150579731968077
0.0665009021759033 0.000150579731968077
0.0760010480880737 0.000150579731968077
0.0855011940002441 0.000150579731968077
0.0950013399124146 0.000163128042965417
0.104501485824585 0.000163128042965417
0.114001631736755 0.000163128042965417
0.123501777648926 0.000150579731968077
0.133001923561096 0.000163128042965417
0.142502069473267 0.000150579731968077
0.152002215385437 0.000150579731968077
0.161502361297607 0.000150579731968077
0.171002507209778 0.000163128042965417
0.180502653121948 0.000163128042965417
0.190002799034119 0.000163128042965417
0.199502944946289 0.000163128042965417
0.209003090858459 0.000163128042965417
0.21850323677063 0.000163128042965417
0.2280033826828 0.000163128042965417
0.237503528594971 0.000175676353962757
0.247003674507141 0.000163128042965417
0.256503820419312 0.000163128042965417
0.266003966331482 0.000163128042965417
0.275504112243652 0.000175676353962757
0.285004258155823 0.000188224664960096
0.294504404067993 0.000175676353962757
0.304004549980164 0.000175676353962757
0.313504695892334 0.000188224664960096
0.323004841804504 0.000188224664960096
0.332504987716675 0.000175676353962757
0.342005133628845 0.000175676353962757
0.351505279541016 0.000175676353962757
0.361005425453186 0.000188224664960096
0.370505571365356 0.000188224664960096
0.380005717277527 0.000175676353962757
0.389505863189697 0.000175676353962757
0.399006009101868 0.000188224664960096
0.408506155014038 0.000175676353962757
0.418006300926208 0.000188224664960096
0.427506446838379 0.000175676353962757
0.437006592750549 0.000175676353962757
0.44650673866272 0.000175676353962757
0.45600688457489 0.000188224664960096
0.465507030487061 0.000200772975957436
0.475007176399231 0.000188224664960096
0.484507322311401 0.000188224664960096
0.494007468223572 0.000188224664960096
0.503507614135742 0.000188224664960096
0.513007760047913 0.000188224664960096
0.522507905960083 0.000188224664960096
0.532008051872253 0.000188224664960096
0.541508197784424 0.000188224664960096
0.551008343696594 0.000175676353962757
0.560508489608765 0.000175676353962757
0.570008635520935 0.000188224664960096
0.579508781433105 0.000175676353962757
0.589008927345276 0.000175676353962757
0.598509073257446 0.000188224664960096
0.608009219169617 0.000188224664960096
0.617509365081787 0.000188224664960096
0.627009510993958 0.000200772975957436
0.636509656906128 0.000200772975957436
0.646009802818298 0.000188224664960096
0.655509948730469 0.000188224664960096
0.665010094642639 0.000188224664960096
0.67451024055481 0.000188224664960096
0.68401038646698 0.000188224664960096
0.69351053237915 0.000188224664960096
0.703010678291321 0.000188224664960096
0.712510824203491 0.000188224664960096
0.722010970115662 0.000188224664960096
0.731511116027832 0.000188224664960096
0.741011261940002 0.000200772975957436
0.750511407852173 0.000200772975957436
0.760011553764343 0.000213321286954776
0.769511699676514 0.000200772975957436
0.779011845588684 0.000213321286954776
0.788511991500854 0.000213321286954776
0.798012137413025 0.000213321286954776
0.807512283325195 0.000238417908949455
0.817012429237366 0.000238417908949455
0.826512575149536 0.000238417908949455
0.836012721061707 0.000250966219946795
0.845512866973877 0.000263514530944135
0.855013012886047 0.000276062841941475
0.864513158798218 0.000288611152938814
0.874013304710388 0.000326256085930834
0.883513450622559 0.000338804396928173
0.893013596534729 0.000363901018922853
0.902513742446899 0.000376449329920193
0.91201388835907 0.000426642573909552
0.92151403427124 0.000451739195904231
0.931014180183411 0.00052702906188827
0.940514326095581 0.000589770616874969
0.950000047683716 0.000716341380653756
