0.00950002670288086 0.00498167946594388
0.0190001726150513 0.0139160768960498
0.0285003185272217 0.0239045324499322
0.0380004644393921 0.0355995582994529
0.0475006103515625 0.0446970837725242
0.0570007562637329 0.0561913366460874
0.0665009021759033 0.0678738141846107
0.0760010480880737 0.0785900717763389
0.0855011940002441 0.0916152185915776
0.0950013399124146 0.106459870501431
0.104501485824585 0.116260101390353
0.114001631736755 0.131757265472067
0.123501777648926 0.145309441349194
0.133001923561096 0.156464889825829
0.142502069473267 0.174910906991919
0.152002215385437 0.185602067961652
0.161502361297607 0.206005621643327
0.171002507209778 0.221025949907142
0.180502653121948 0.230637956131105
0.190002799034119 0.251769311850625
0.199502944946289 0.271432515183456
0.209003090858459 0.289414244842644
0.21850323677063 0.310570697184159
0.2280033826828 0.329531195101139
0.237503528594971 0.352080509963359
0.247003674507141 0.374178085629674
0.256503820419312 0.392862520704713
0.266003966331482 0.420217838678914
0.275504112243652 0.440859810269538
0.285004258155823 0.46712342518697
0.294504404067993 0.492232595492647
0.304004549980164 0.520880389499573
0.313504695892334 0.549804246348441
0.323004841804504 0.574273452793254
0.332504987716675 0.601302514681524
0.342005133628845 0.639599959845405
0.351505279541016 0.674547005972996
0.361005425453186 0.70948150378959
0.370505571365356 0.737276012648697
0.380005717277527 0.778999146714852
0.389505863189697 0.809052351553481
0.399006009101868 0.868669377101842
0.408506155014038 0.904758319530191
0.418006300926208 0.950409074938513
0.427506446838379 1.00609847914471
0.437006592750549 1.05201274908397
0.44650673866272 1.10811624755308
0.45600688457489 1.15595040907494
0.465507030487061 1.21530392009236
0.475007176399231 1.28089394167545
0.484507322311401 1.34599457912965
0.494007468223572 1.41964061637304
0.503507614135742 1.48140340310194
0.513007760047913 1.56517592732018
0.522507905960083 1.6485845505195
0.532008051872253 1.716985393766
0.541508197784424 1.83027154544998
0.551008343696594 1.90396777593736
0.560508489608765 2.03645284344727
0.570008635520935 2.12902173367465
0.579508781433105 2.27095567936556
0.589008927345276 2.39778145861567
0.598509073257446 2.51963810671084
0.608009219169617 2.68777292576419
0.617509365081787 2.84231792400743
0.627009510993958 2.99725191989158
0.636509656906128 3.15449480499925
0.646009802818298 3.38671384831602
0.655509948730469 3.56802439391658
0.665010094642639 3.78487175626161
0.67451024055481 4.0268910304673
0.68401038646698 4.3698238217136
0.69351053237915 4.68095919289264
0.703010678291321 4.94798725091603
0.712510824203491 5.3245118707022
0.722010970115662 5.75732821362245
0.731511116027832 6.17555087085278
0.741011261940002 6.68684435075039
0.750511407852173 7.24987451689003
0.760011553764343 7.79639110575716
0.769511699676514 8.48130301661396
0.779011845588684 9.34619535210561
0.788511991500854 10.1299503086884
0.798012137413025 11.1390729307835
0.807512283325195 12.3191160969733
0.817012429237366 13.6286076394117
0.826512575149536 15.2210008532851
0.836012721061707 16.9440972745069
0.845512866973877 19.2057797520454
0.855013012886047 21.8044847663504
0.864513158798218 24.7053405611605
0.874013304710388 28.6529388144356
0.883513450622559 33.1593886462882
0.893013596534729 39.4990337800532
0.902513742446899 46.7958640766953
0.91201388835907 57.4760829192391
0.92151403427124 71.3107463735381
0.931014180183411 91.7980976760528
0.940514326095581 122.340197259449
0.950000047683716 168.465244875646
