1000 2.4882
6000 2.512
11000 2.5391
16000 2.5167
21000 2.5164
26000 2.5134
31000 2.4998
36000 2.5198
41000 2.5333
46000 2.5357
51000 2.5331
56000 2.5408
61000 2.5069
66000 2.5094
71000 2.5293
76000 2.5111
81000 2.5223
86000 2.5411
91000 2.5307
96000 2.5366
101000 2.5276
106000 2.546
111000 2.5442
116000 2.5277
121000 2.5211
126000 2.5376
131000 2.5182
136000 2.5452
141000 2.5299
146000 2.515
151000 2.5128
156000 2.5413
161000 2.5343
166000 2.5391
171000 2.5238
176000 2.4947
181000 2.5319
186000 2.5206
191000 2.5454
196000 2.5008
201000 2.526
206000 2.5247
211000 2.536
216000 2.5427
221000 2.5296
226000 2.5201
231000 2.5559
236000 2.529
241000 2.5144
246000 2.5032
251000 2.5436
256000 2.533
261000 2.5199
266000 2.5087
271000 2.5226
276000 2.5557
281000 2.5302
286000 2.5157
291000 2.5302
296000 2.5327
301000 2.545
306000 2.543
311000 2.5329
316000 2.5813
321000 2.5423
326000 2.5374
331000 2.5228
336000 2.5304
341000 2.5517
346000 2.5182
351000 2.569
356000 2.5368
361000 2.5311
366000 2.5378
371000 2.5669
376000 2.5436
381000 2.5615
386000 2.4967
391000 2.5206
396000 2.5199
401000 2.5511
406000 2.5394
411000 2.5286
416000 2.5248
421000 2.5525
426000 2.5202
431000 2.5401
436000 2.535
441000 2.5479
446000 2.5309
451000 2.5612
456000 2.517
461000 2.5323
466000 2.5731
471000 2.5355
476000 2.5523
481000 2.5243
486000 2.5147
491000 2.5207
496000 2.5081
501000 2.4992
506000 2.5409
511000 2.5413
516000 2.5075
521000 2.5457
526000 2.5202
531000 2.5247
536000 2.5492
541000 2.5263
546000 2.5365
551000 2.5254
556000 2.511
561000 2.5206
566000 2.5048
571000 2.5451
576000 2.5307
581000 2.5388
586000 2.5267
591000 2.5406
596000 2.5153
601000 2.5273
606000 2.529
611000 2.507
616000 2.5342
621000 2.5345
626000 2.5297
631000 2.547
636000 2.5447
641000 2.5501
646000 2.5482
651000 2.5261
656000 2.5149
661000 2.5463
666000 2.593
671000 2.5131
676000 2.5648
681000 3.3631
686000 2.5374
691000 2.5281
696000 2.5282
701000 2.5061
706000 2.5083
711000 2.517
716000 2.5152
721000 2.504
726000 2.5597
731000 2.5335
736000 2.5114
741000 2.5648
746000 2.5209
751000 2.5541
756000 2.5702
761000 2.5374
766000 2.5345
771000 2.5336
776000 2.5385
781000 2.5338
786000 2.5575
791000 2.5326
796000 2.5765
801000 2.5161
806000 2.5124
811000 2.514
816000 2.5389
821000 2.5415
826000 2.5674
831000 2.5362
836000 2.5212
841000 2.5633
846000 2.5449
851000 2.548
856000 2.528
861000 2.5356
866000 2.5416
871000 2.5499
876000 2.5675
881000 2.5397
886000 2.5608
891000 2.5366
896000 2.5306
901000 2.5196
906000 2.5479
911000 2.567
916000 2.592
921000 2.5593
926000 2.5381
931000 2.5294
936000 2.5283
941000 2.554
946000 2.5604
951000 2.5334
956000 2.5364
961000 2.5271
966000 2.575
971000 2.5252
976000 2.5182
981000 2.5356
986000 2.5036
991000 2.5274
996000 2.5321
