1000 6.69661
6000 6.70996
11000 6.70743
16000 6.70624
21000 6.71369
26000 6.71043
31000 6.70682
36000 6.70388
41000 6.70626
46000 6.7128
51000 6.71195
56000 6.7096
61000 6.72611
66000 6.70043
71000 6.7147
76000 6.71461
81000 6.71797
86000 6.71627
91000 6.70847
96000 6.711
101000 6.72182
106000 6.70621
111000 6.72623
116000 6.70741
121000 6.72855
126000 6.7149
131000 6.71477
136000 6.71847
141000 6.71418
146000 6.70632
151000 6.72639
156000 6.71991
161000 6.71952
166000 6.70309
171000 6.71057
176000 6.72504
181000 6.7222
186000 6.70649
191000 6.71081
196000 6.72047
201000 6.71861
206000 6.72804
211000 6.71917
216000 6.71467
221000 6.71368
226000 6.71248
231000 6.69328
236000 6.72892
241000 6.71739
246000 6.72035
251000 6.71428
256000 6.72431
261000 6.72271
266000 6.72116
271000 6.69902
276000 6.71134
281000 6.73186
286000 6.71651
291000 6.71319
296000 6.7211
301000 6.72624
306000 6.70552
311000 6.72994
316000 6.70274
321000 6.71196
326000 6.71079
331000 6.72248
336000 6.72998
341000 6.7226
346000 6.72616
351000 6.7339
356000 6.70898
361000 6.7413
366000 6.71948
371000 6.7133
376000 6.73595
381000 6.73655
386000 6.71653
391000 6.71526
396000 6.71307
401000 6.71488
406000 6.70304
411000 6.72532
416000 6.72754
421000 6.71684
426000 6.72203
431000 6.71863
436000 6.70924
441000 6.69375
446000 6.72435
451000 6.70828
456000 6.71337
461000 6.70856
466000 6.71358
471000 6.72023
476000 6.71996
481000 6.72305
486000 6.71591
491000 6.72116
496000 6.72693
501000 6.72108
506000 6.71877
511000 6.72597
516000 6.7098
521000 6.72334
526000 6.71373
531000 6.71988
536000 6.71108
541000 6.70811
546000 6.72174
551000 6.7178
556000 6.7198
561000 6.72991
566000 6.72498
571000 6.71617
576000 6.73738
581000 6.72692
586000 6.72225
591000 6.73247
596000 6.704
601000 6.72769
606000 6.72841
611000 6.7299
616000 6.74409
621000 6.71821
626000 6.72024
631000 6.72463
636000 6.7173
641000 6.72657
646000 6.70988
651000 6.72154
656000 6.71276
661000 6.72012
666000 6.71511
671000 6.72487
676000 6.71838
681000 6.71544
686000 6.71355
691000 6.71567
696000 6.71229
701000 6.71319
706000 6.71671
711000 6.72247
716000 6.72706
721000 6.71841
726000 6.71508
731000 6.71743
736000 6.73526
741000 6.72399
746000 6.7126
751000 6.70839
756000 6.71107
761000 6.73247
766000 6.72389
771000 6.71884
776000 6.72949
781000 6.71309
786000 6.72012
791000 6.7215
796000 6.71037
801000 6.71775
806000 6.7201
811000 6.72041
816000 6.72501
821000 6.72673
826000 6.72374
831000 6.7299
836000 6.71394
841000 6.73249
846000 6.72919
851000 6.73365
856000 6.70895
861000 6.72385
866000 6.73522
871000 6.74516
876000 6.72884
881000 6.72644
886000 6.71378
891000 6.74018
896000 6.72112
901000 6.73684
906000 6.71215
911000 6.71415
916000 6.7195
921000 6.71748
926000 6.72246
931000 6.73614
936000 6.73023
941000 6.71771
946000 6.71244
951000 6.71552
956000 6.71603
961000 6.71888
966000 6.72972
971000 6.71828
976000 6.72061
981000 6.7299
986000 6.71712
991000 6.72358
996000 6.72312
