1000 11.42698
6000 11.44418
11000 11.46078
16000 11.4655
21000 11.49155
26000 11.47795
31000 11.48416
36000 11.47966
41000 11.49774
46000 11.49477
51000 11.48796
56000 11.49371
61000 11.49701
66000 11.48104
71000 11.49089
76000 11.49391
81000 11.49874
86000 11.50081
91000 11.50331
96000 11.50094
101000 11.5024
106000 11.50575
111000 11.511
116000 11.51278
121000 11.51407
126000 11.50122
131000 11.49443
136000 11.50778
141000 11.49965
146000 11.49774
151000 11.51735
156000 11.5277
161000 11.5079
166000 11.4995
171000 11.5105
176000 11.5084
181000 11.51931
186000 11.50437
191000 11.52066
196000 11.52045
201000 11.51925
206000 11.51242
211000 11.50998
216000 11.51776
221000 11.52419
226000 11.52155
231000 11.51569
236000 11.52282
241000 11.51602
246000 11.52495
251000 11.51922
256000 11.53598
261000 11.53405
266000 11.51733
271000 11.49632
276000 11.51065
281000 11.53481
286000 11.52795
291000 11.51834
296000 11.51833
301000 11.51521
306000 11.51647
311000 11.53694
316000 11.51853
321000 11.52773
326000 11.54063
331000 11.53594
336000 11.5274
341000 11.52436
346000 11.52328
351000 11.52146
356000 11.53271
361000 11.54154
366000 11.53536
371000 11.52825
376000 11.54363
381000 11.52836
386000 11.52689
391000 11.52411
396000 11.52415
401000 11.53133
406000 11.52
411000 11.52706
416000 11.55397
421000 11.52204
426000 11.52992
431000 11.53384
436000 11.54321
441000 11.51932
446000 11.541
451000 11.51823
456000 11.53711
461000 11.52063
466000 11.53342
471000 11.53038
476000 11.52622
481000 11.5328
486000 11.54203
491000 11.53822
496000 11.53717
501000 11.52655
506000 11.54514
511000 11.5193
516000 11.55421
521000 11.53431
526000 11.53607
531000 11.53939
536000 11.54321
541000 11.52942
546000 11.54059
551000 11.5333
556000 11.52332
561000 11.53265
566000 11.53519
571000 11.54504
576000 11.54185
581000 11.53963
586000 11.54762
591000 11.54637
596000 11.52909
601000 11.54117
606000 11.56385
611000 11.55148
616000 11.56537
621000 11.53842
626000 11.53198
631000 11.55397
636000 11.52974
641000 11.53929
646000 11.53424
651000 11.55287
656000 11.53647
661000 11.54376
666000 11.53915
671000 11.54183
676000 11.55111
681000 11.53416
686000 11.52734
691000 11.5399
696000 11.53496
701000 11.53593
706000 11.55027
711000 11.56829
716000 11.5524
721000 11.55118
726000 11.54154
731000 11.54214
736000 11.55223
741000 11.53759
746000 11.53965
751000 11.54171
756000 11.55779
761000 11.55357
766000 11.55733
771000 11.54195
776000 11.56681
781000 11.5395
786000 11.54414
791000 11.5445
796000 11.53194
801000 11.56547
806000 11.55239
811000 11.56003
816000 11.55445
821000 11.5454
826000 11.54298
831000 11.5426
836000 11.54221
841000 11.55982
846000 11.53826
851000 11.56299
856000 11.53523
861000 11.55517
866000 11.55384
871000 11.57266
876000 11.54744
881000 11.55123
886000 11.55647
891000 11.55353
896000 11.53185
901000 11.54713
906000 11.55558
911000 11.54969
916000 11.54234
921000 11.54002
926000 11.54515
931000 11.55613
936000 11.5588
941000 11.55714
946000 11.55694
951000 11.54638
956000 11.55439
961000 11.55242
966000 11.5549
971000 11.56056
976000 11.54233
981000 11.5641
986000 11.55194
991000 11.55383
996000 11.54824
