1000 11.42698
6000 15.15132
11000 16.225696
16000 16.230096
21000 16.238373
26000 16.240427
31000 16.242711
36000 16.243867
41000 16.247812
46000 16.248365
51000 16.257004
56000 16.256422
61000 16.25068
66000 16.253846
71000 16.253846
76000 16.255427
81000 16.258164
86000 16.258249
91000 16.263202
96000 16.260052
101000 16.261324
106000 16.264954
111000 16.266653
116000 16.262552
121000 16.261736
126000 16.265961
131000 16.26723
136000 16.269238
141000 16.263432
146000 16.270462
151000 16.270215
156000 16.266544
161000 16.272501
166000 16.27616
171000 16.268921
176000 16.271957
181000 16.270513
186000 16.271756
191000 16.274637
196000 16.275811
201000 16.27342
206000 16.274168
211000 16.278489
216000 16.278141
221000 16.277942
226000 16.276839
231000 16.277724
236000 16.276082
241000 16.278473
246000 16.281585
251000 16.27735
256000 16.282968
261000 16.276346
266000 16.28399
271000 16.279032
276000 16.279005
281000 16.278507
286000 16.283745
291000 16.285859
296000 16.283215
301000 16.282275
306000 16.281164
311000 16.278002
316000 16.291857
321000 16.282936
326000 16.281938
331000 16.281296
336000 16.282909
341000 16.286435
346000 16.287033
351000 16.282893
356000 16.283325
361000 16.284706
366000 16.288257
371000 16.286859
376000 16.284282
381000 16.28183
386000 16.288827
391000 16.284642
396000 16.288338
401000 16.288236
406000 16.291494
411000 16.290395
416000 16.290849
421000 16.290508
426000 16.293694
431000 16.291369
436000 16.292343
441000 16.293768
446000 16.288817
451000 16.295121
456000 16.296229
461000 16.294417
466000 16.285467
471000 16.288058
476000 16.288416
481000 16.289716
486000 16.292728
491000 16.292352
496000 16.29099
501000 16.297187
506000 16.296238
511000 16.295104
516000 16.292829
521000 16.296191
526000 16.293244
531000 16.292502
536000 16.298228
541000 16.297205
546000 16.295711
551000 16.29812
556000 16.297964
561000 16.294954
566000 16.292897
571000 16.29653
576000 16.293818
581000 16.294489
586000 16.297548
591000 16.293764
596000 16.294476
601000 16.297888
606000 16.299967
611000 16.306047
616000 16.303234
621000 16.298018
626000 16.29943
631000 16.300819
636000 16.29971
641000 16.291237
646000 16.297504
651000 16.29702
656000 16.296939
661000 16.293948
666000 16.299736
671000 16.297098
676000 16.302406
681000 16.29795
686000 16.299561
691000 16.298627
696000 16.302212
701000 16.296703
706000 16.298924
711000 16.294866
716000 16.296842
721000 16.299847
726000 16.298682
731000 16.307332
736000 16.301886
741000 16.298936
746000 16.300306
751000 16.304563
756000 16.292717
761000 16.296755
766000 16.296862
771000 16.300109
776000 16.307576
781000 16.301224
786000 16.297391
791000 16.298334
796000 16.304122
801000 16.301756
806000 16.309067
811000 16.303428
816000 16.299796
821000 16.299104
826000 16.298744
831000 16.302031
836000 16.297859
841000 16.300769
846000 16.300138
851000 16.306613
856000 16.304397
861000 16.306684
866000 16.299748
871000 16.300602
876000 16.312918
881000 16.305145
886000 16.310262
891000 16.302398
896000 16.299241
901000 16.309435
906000 16.300786
911000 16.297906
916000 16.299886
921000 16.302465
926000 16.299953
931000 16.306414
936000 16.309637
941000 16.303314
946000 16.308704
951000 16.310274
956000 16.30792
961000 16.308503
966000 16.302381
971000 16.30385
976000 16.30747
981000 16.305195
986000 16.312357
991000 16.306667
996000 16.303758
