1000 11.42698
6000 15.15132
11000 16.4216663636364
16000 17.210448125
21000 17.7791828571429
26000 18.226265
31000 18.5950516129032
36000 18.9065486111111
41000 19.1834582926829
46000 19.4213336956522
51000 19.6414043137255
56000 19.8345694642857
61000 20.0159716393443
66000 20.1795283333333
71000 20.3335701408451
76000 20.4720128947368
81000 20.6075030864198
86000 20.732355
91000 20.8549120879121
96000 20.9622229166667
101000 21.046831
106000 21.052809
111000 21.060846
116000 21.064938
121000 21.074969
126000 21.078219
131000 21.089272
136000 21.0907
141000 21.099942
146000 21.10081
151000 21.109243
156000 21.11249
161000 21.119423
166000 21.124062
171000 21.130678
176000 21.133712
181000 21.140657
186000 21.141484
191000 21.146812
196000 21.14679
201000 21.160393
206000 21.159486
211000 21.156442
216000 21.168064
221000 21.168731
226000 21.172721
231000 21.178282
236000 21.175502
241000 21.184056
246000 21.186219
251000 21.189541
256000 21.19668
261000 21.196839
266000 21.198997
271000 21.206471
276000 21.204197
281000 21.211543
286000 21.21194
291000 21.216805
296000 21.215924
301000 21.22034
306000 21.228207
311000 21.231189
316000 21.235588
321000 21.234037
326000 21.235551
331000 21.238349
336000 21.243367
341000 21.239111
346000 21.244851
351000 21.249673
356000 21.251173
361000 21.24934
366000 21.252665
371000 21.256094
376000 21.255726
381000 21.261853
386000 21.265761
391000 21.263557
396000 21.268723
401000 21.26226
406000 21.272973
411000 21.272605
416000 21.277744
421000 21.275286
426000 21.283155
431000 21.279048
436000 21.280546
441000 21.283474
446000 21.283587
451000 21.285175
456000 21.289452
461000 21.292838
466000 21.296655
471000 21.2907
476000 21.296142
481000 21.296808
486000 21.297541
491000 21.30262
496000 21.308986
501000 21.303236
506000 21.309952
511000 21.307175
516000 21.304046
521000 21.313512
526000 21.316046
531000 21.313324
536000 21.314698
541000 21.316389
546000 21.313499
551000 21.320304
556000 21.326467
561000 21.323469
566000 21.328365
571000 21.325353
576000 21.323957
581000 21.327753
586000 21.327677
591000 21.332768
596000 21.335469
601000 21.336273
606000 21.336817
611000 21.345174
616000 21.341272
621000 21.342806
626000 21.345693
631000 21.345218
636000 21.346991
641000 21.353298
646000 21.348419
651000 21.348407
656000 21.355223
661000 21.348804
666000 21.348486
671000 21.356849
676000 21.356762
681000 21.360632
686000 21.360529
691000 21.359002
696000 21.364222
701000 21.360746
706000 21.368068
711000 21.375808
716000 21.370348
721000 21.368367
726000 21.370228
731000 21.37148
736000 21.372744
741000 21.372839
746000 21.375176
751000 21.378616
756000 21.374823
761000 21.374676
766000 21.386178
771000 21.382286
776000 21.382115
781000 21.38738
786000 21.384148
791000 21.382326
796000 21.383079
801000 21.384185
806000 21.384034
811000 21.387197
816000 21.38759
821000 21.388911
826000 21.39072
831000 21.390154
836000 21.391632
841000 21.385804
846000 21.39731
851000 21.399785
856000 21.390408
861000 21.399302
866000 21.399075
871000 21.401992
876000 21.399521
881000 21.40262
886000 21.405808
891000 21.407091
896000 21.401954
901000 21.408484
906000 21.409421
911000 21.402993
916000 21.412529
921000 21.417296
926000 21.409467
931000 21.413645
936000 21.415352
941000 21.418003
946000 21.40816
951000 21.414353
956000 21.41673
961000 21.420214
966000 21.417071
971000 21.423165
976000 21.423742
981000 21.42961
986000 21.419065
991000 21.428217
996000 21.428477
