1000 11.42698
6000 15.15132
11000 16.4216663636364
16000 17.210448125
21000 17.7791828571429
26000 18.226265
31000 18.5950516129032
36000 18.9065486111111
41000 19.1834582926829
46000 19.4213336956522
51000 19.6414043137255
56000 19.8345694642857
61000 20.0159716393443
66000 20.1795283333333
71000 20.3335701408451
76000 20.4720128947368
81000 20.6075030864198
86000 20.732355
91000 20.8549120879121
96000 20.9622229166667
101000 21.0650415841584
106000 21.1668471698113
111000 21.2660297297297
116000 21.3537715517241
121000 21.4486223140496
126000 21.5235833333333
131000 21.6136526717557
136000 21.6899669117647
141000 21.7734737588652
146000 21.8379890410959
151000 21.9113132450331
156000 21.9774769230769
161000 22.0454366459627
166000 22.1018325301205
171000 22.1680029239766
176000 22.2263778409091
181000 22.292844198895
186000 22.3473720430108
191000 22.3990157068063
196000 22.4527020408163
201000 22.5003582089552
206000 22.5450614886731
211000 22.6051753554502
216000 22.6509722222222
221000 22.7021689291101
226000 22.7392241887906
231000 22.7951024531025
236000 22.8347528248588
241000 22.8852254495159
246000 22.9167804878049
251000 22.9725365205843
256000 23.0048528645833
261000 23.0486309067688
266000 23.0820764411028
271000 23.127282902829
276000 23.1666799516908
281000 23.2026346381969
286000 23.2372167832168
291000 23.2799278350515
296000 23.3057646396396
301000 23.3451794019934
306000 23.3791590413943
311000 23.4110342979636
316000 23.4465453586498
321000 23.4798348909657
326000 23.502881390593
331000 23.5445599194361
336000 23.572316468254
341000 23.6154066471163
346000 23.6322813102119
351000 23.6647113010446
356000 23.6964831460674
361000 23.7257469990766
366000 23.7566557377049
371000 23.7896109613657
376000 23.8144033687943
381000 23.8363175853018
386000 23.8672918825561
391000 23.892600170503
396000 23.9169242424242
401000 23.948467996675
406000 23.975894909688
411000 23.9927729115977
416000 24.0225192307692
421000 24.0468962787015
426000 24.074720657277
431000 24.1043789636504
436000 24.1228960244648
441000 24.1477052154195
446000 24.1661195814649
451000 24.1967161862528
456000 24.2137141812865
461000 24.2409660159074
466000 24.2546080114449
471000 24.280923566879
476000 24.3025168067227
481000 24.3322702702703
486000 24.3482997256516
491000 24.371911065852
496000 24.3964139784946
501000 24.3858582834331
506000 24.405814229249
511000 24.4268219178082
516000 24.4440949612403
521000 24.4651343570058
526000 24.4919581749049
531000 24.5073088512241
536000 24.5260820895522
541000 24.5435157116451
546000 24.569173992674
551000 24.5858039927405
556000 24.6060773381295
561000 24.6265650623886
566000 24.6427844522968
571000 24.6681786339755
576000 24.6830572916667
581000 24.6983235800344
586000 24.7152866894198
591000 24.7360575296108
596000 24.7547701342282
601000 24.7676821963394
606000 24.7847524752475
611000 24.7974533551555
616000 24.820112012987
621000 24.832270531401
626000 24.8477476038339
631000 24.8764675118859
636000 24.8965943396226
641000 24.9121560062402
646000 24.912153250774
651000 24.9318694316436
656000 24.9480426829268
661000 24.9675219364599
666000 24.9829264264264
671000 24.9963070044709
676000 25.0093328402367
681000 25.0346226138032
686000 25.0423381924198
691000 25.0525484804631
696000 25.0714798850575
701000 25.0856932952924
706000 25.1023739376771
711000 25.1180478199719
716000 25.1386019553073
721000 25.1521248266297
726000 25.1627245179063
731000 25.1761326949384
736000 25.1861182065217
741000 25.2077773279352
746000 25.2202426273458
751000 25.2366125166445
756000 25.2512010582011
761000 25.2648607095926
766000 25.2757845953003
771000 25.2898806744488
776000 25.309324742268
781000 25.318204865557
786000 25.3315928753181
791000 25.3454399494311
796000 25.3522424623116
801000 25.3648526841448
806000 25.377935483871
811000 25.3986066584464
816000 25.4085379901961
821000 25.4206638246041
826000 25.4347445520581
831000 25.4516991576414
836000 25.4596399521531
841000 25.4765136741974
846000 25.4843995271868
851000 25.4960634547591
856000 25.498578271028
861000 25.5157851335656
866000 25.5309711316397
871000 25.5447118254879
876000 25.6075799086758
881000 25.5694438138479
886000 25.5779458239278
891000 25.5912626262626
896000 25.6029051339286
901000 25.6128401775805
906000 25.6293476821192
911000 25.6418013172338
916000 25.6534203056769
921000 25.6576666666667
926000 25.6724146868251
931000 25.6858345864662
936000 25.68825
941000 25.7098172157279
946000 25.714878435518
951000 25.7302103049422
956000 25.7343410041841
961000 25.7571540062435
966000 25.7616718426501
971000 25.7696436663234
976000 25.785387295082
981000 25.8004627930683
986000 25.8085152129817
991000 25.8123208879919
996000 25.8238865461847
