1000 2.4585
6000 2.4959
11000 2.5003
16000 2.5491
21000 2.526
26000 2.4492
31000 2.4479
36000 2.4531
41000 2.6334
46000 2.5185
51000 2.6752
56000 2.8032
61000 2.5755
66000 2.4953
71000 2.4812
76000 2.6945
81000 2.4683
86000 2.4926
91000 3.1103
96000 2.7017
101000 2.9634
106000 2.9844
111000 2.4677
116000 2.468
121000 2.8796
126000 2.6448
131000 2.7522
136000 3.421
141000 2.6184
146000 2.5346
151000 2.5147
156000 3.376
161000 3.801
166000 3.0146
171000 3.591
176000 3.1585
181000 3.6119
186000 4.1047
191000 3.8417
196000 2.992
201000 2.9466
206000 3.5431
211000 3.1113
216000 4.0938
221000 2.6998
226000 2.4631
231000 3.2241
236000 3.9339
241000 2.7794
246000 3.7277
251000 3.5137
256000 3.3467
261000 3.3088
266000 3.0727
271000 3.0593
276000 3.3789
281000 2.7612
286000 2.7225
291000 3.4693
296000 5.1289
301000 4.4766
306000 3.1273
311000 3.5524
316000 5.5127
321000 3.7365
326000 4.144
331000 3.9127
336000 3.1051
341000 4.6516
346000 4.1436
351000 4.728
356000 4.7639
361000 3.2978
366000 3.7142
371000 4.0007
376000 5.7247
381000 4.9835
386000 2.4412
391000 2.9552
396000 2.4702
401000 3.507
406000 3.991
411000 4.3233
416000 5.0977
421000 3.7396
426000 3.9309
431000 2.6458
436000 3.5468
441000 4.7317
446000 5.6048
451000 6.9381
456000 5.4235
461000 4.1029
466000 10.6934
471000 4.732
476000 3.5265
481000 2.5146
486000 2.9585
491000 4.5203
496000 2.4508
501000 8.1583
506000 7.6454
511000 5.7177
516000 4.1467
521000 6.5
526000 2.6794
531000 2.4567
536000 2.4924
541000 2.4724
546000 4.1117
551000 7.9372
556000 4.1278
561000 3.2595
566000 3.5344
571000 2.6407
576000 3.2054
581000 3.1896
586000 6.8603
591000 3.7106
596000 4.0502
601000 2.471
606000 5.0129
611000 3.8012
616000 6.2674
621000 7.8239
626000 3.9221
631000 4.1253
636000 6.7331
641000 3.6783
646000 2.6708
651000 4.7923
656000 2.9722
661000 6.2315
666000 5.0182
671000 4.7143
676000 7.4485
681000 6.5058
686000 5.1945
691000 5.2206
696000 6.7852
701000 4.972
706000 5.5292
711000 5.7597
716000 4.1873
721000 3.6847
726000 9.1376
731000 2.8042
736000 4.1088
741000 7.8321
746000 2.4483
751000 9.3234
756000 8.7503
761000 3.6599
766000 3.7341
771000 6.045
776000 6.225
781000 4.4585
786000 8.0537
791000 6.3798
796000 7.6959
801000 2.4541
806000 6.1547
811000 2.4585
816000 6.4459
821000 5.3354
826000 7.7256
831000 4.4582
836000 10.4781
841000 13.5821
846000 4.2434
851000 6.2792
856000 5.9764
861000 2.4731
866000 2.467
871000 2.478
876000 8.3167
881000 7.2935
886000 5.0565
891000 4.2053
896000 3.5424
901000 3.3927
906000 3.6865
911000 4.9381
916000 9.6486
921000 13.3717
926000 2.4798
931000 2.4713
936000 5.4561
941000 4.644
946000 7.2152
951000 6.5152
956000 5.0726
961000 11.823
966000 13.6099
971000 3.0045
976000 3.2154
981000 4.6394
986000 10.2297
991000 9.2309
996000 4.6089
