1000 6.48382
6000 6.48855
11000 6.51466
16000 6.5096
21000 6.5726
26000 6.55314
31000 6.57385
36000 6.56017
41000 6.60439
46000 6.56666
51000 6.6143
56000 6.57945
61000 6.68619
66000 6.60866
71000 6.63896
76000 6.69501
81000 6.69544
86000 6.69196
91000 6.75071
96000 6.77035
101000 6.69014
106000 6.80692
111000 6.755
116000 6.76102
121000 6.83396
126000 6.74251
131000 6.87393
136000 6.82073
141000 6.7606
146000 6.95029
151000 6.79849
156000 7.00494
161000 6.71903
166000 6.85608
171000 6.89374
176000 7.13095
181000 7.01237
186000 6.96968
191000 6.85704
196000 6.76571
201000 6.88034
206000 7.09084
211000 6.91964
216000 7.08347
221000 7.02238
226000 7.05933
231000 6.91098
236000 6.96719
241000 6.99705
246000 7.1516
251000 7.1353
256000 7.63433
261000 7.1499
266000 7.08172
271000 7.40869
276000 7.3495
281000 7.39561
286000 7.31311
291000 7.22097
296000 7.13546
301000 7.28852
306000 7.19458
311000 7.30417
316000 7.51068
321000 7.38055
326000 7.15028
331000 7.19875
336000 7.18879
341000 7.07512
346000 7.16597
351000 7.22716
356000 7.30954
361000 7.98025
366000 7.43175
371000 7.1571
376000 7.46302
381000 7.51606
386000 7.45664
391000 7.46595
396000 7.59979
401000 7.52797
406000 8.00884
411000 7.60609
416000 7.42854
421000 7.193
426000 7.5738
431000 7.55464
436000 7.48313
441000 7.87957
446000 7.64857
451000 7.70008
456000 7.83441
461000 7.71538
466000 8.30458
471000 7.95977
476000 7.72892
481000 7.64681
486000 7.92241
491000 8.08944
496000 7.69665
501000 7.66707
506000 7.50708
511000 7.71243
516000 7.57275
521000 7.65049
526000 7.91708
531000 7.59475
536000 8.24344
541000 7.53165
546000 7.91336
551000 8.29743
556000 7.84207
561000 7.83415
566000 7.61587
571000 7.79612
576000 8.07359
581000 7.70028
586000 8.26122
591000 8.37954
596000 8.05598
601000 8.39543
606000 7.81993
611000 7.52095
616000 8.05126
621000 7.49359
626000 7.9524
631000 7.84488
636000 7.95711
641000 8.25107
646000 8.06525
651000 8.03519
656000 8.17791
661000 7.97564
666000 8.10573
671000 8.02391
676000 8.00917
681000 8.57333
686000 8.0125
691000 8.03914
696000 8.31982
701000 8.20251
706000 8.17153
711000 7.94096
716000 7.76814
721000 8.29745
726000 7.78608
731000 8.25577
736000 8.36676
741000 8.75987
746000 7.89932
751000 8.40804
756000 7.99689
761000 9.3088
766000 9.09864
771000 8.33999
776000 8.09595
781000 8.37631
786000 8.77564
791000 8.88658
796000 7.82729
801000 8.70359
806000 9.28643
811000 7.82335
816000 8.04926
821000 7.87934
826000 8.86508
831000 7.84803
836000 8.51489
841000 9.25864
846000 8.21519
851000 7.88259
856000 8.49232
861000 8.13471
866000 7.59838
871000 8.24697
876000 9.22585
881000 9.70328
886000 8.21345
891000 8.22848
896000 9.14687
901000 9.23106
906000 8.48239
911000 9.04219
916000 8.99736
921000 9.06374
926000 8.07174
931000 8.4472
936000 9.10836
941000 8.84295
946000 8.4876
951000 9.06372
956000 9.54603
961000 8.82708
966000 8.80626
971000 8.58718
976000 8.33658
981000 8.15094
986000 8.16585
991000 9.25407
996000 9.08612
