1000 10.98994
6000 11.04364
11000 11.0834
16000 11.11751
21000 11.17686
26000 11.21815
31000 11.22929
36000 11.23385
41000 11.2948
46000 11.30447
51000 11.3729
56000 11.33843
61000 11.38421
66000 11.43148
71000 11.43221
76000 11.50588
81000 11.5523
86000 11.55413
91000 11.63844
96000 11.55927
101000 11.66307
106000 11.76646
111000 11.7064
116000 11.74733
121000 11.7246
126000 11.78666
131000 11.8524
136000 12.1013
141000 11.95958
146000 11.97442
151000 11.88598
156000 12.19337
161000 11.95196
166000 12.07096
171000 12.24205
176000 12.12743
181000 12.14338
186000 12.17349
191000 12.32194
196000 12.35867
201000 12.4452
206000 12.24668
211000 12.51956
216000 12.32734
221000 12.35376
226000 12.66263
231000 12.32296
236000 12.3249
241000 12.35458
246000 12.49594
251000 12.58892
256000 12.76574
261000 12.7268
266000 12.62933
271000 12.68239
276000 12.8462
281000 12.79557
286000 12.54508
291000 12.48459
296000 12.83829
301000 12.84563
306000 12.81009
311000 12.91234
316000 13.08141
321000 12.80864
326000 13.20327
331000 13.16527
336000 13.19723
341000 13.19025
346000 12.99238
351000 13.14548
356000 13.66308
361000 13.34764
366000 13.02541
371000 13.26264
376000 13.43875
381000 13.29427
386000 13.81919
391000 13.25719
396000 13.31067
401000 13.65155
406000 13.35745
411000 13.5773
416000 13.82053
421000 14.02385
426000 13.41864
431000 13.71921
436000 14.23586
441000 13.91652
446000 13.65306
451000 13.77619
456000 14.20643
461000 13.72791
466000 13.95995
471000 14.43831
476000 13.86579
481000 13.70172
486000 14.31115
491000 13.91666
496000 14.38059
501000 14.02609
506000 14.3972
511000 13.94677
516000 14.29393
521000 14.40586
526000 14.92997
531000 14.75126
536000 14.55038
541000 13.97781
546000 14.87629
551000 14.36367
556000 14.49286
561000 14.03389
566000 14.56272
571000 14.62751
576000 14.73147
581000 14.48632
586000 14.80819
591000 14.40238
596000 14.9313
601000 14.77386
606000 14.36063
611000 15.34532
616000 14.74123
621000 14.64678
626000 15.09964
631000 14.52901
636000 14.92423
641000 15.32362
646000 14.66363
651000 14.97019
656000 15.25975
661000 15.04905
666000 15.32027
671000 15.30731
676000 15.1969
681000 15.4025
686000 14.76453
691000 15.2936
696000 15.61696
701000 15.32901
706000 15.26661
711000 15.52624
716000 15.52667
721000 14.95839
726000 15.78508
731000 15.09448
736000 15.52505
741000 15.62427
746000 15.8942
751000 16.56192
756000 15.97539
761000 16.02097
766000 15.55537
771000 15.64663
776000 15.15967
781000 16.25285
786000 16.51882
791000 16.04729
796000 15.85598
801000 15.73138
806000 16.56875
811000 16.25608
816000 16.89696
821000 16.44167
826000 15.72718
831000 16.4543
836000 15.98017
841000 16.71931
846000 16.58787
851000 16.75996
856000 16.61365
861000 16.07514
866000 15.97866
871000 16.8003
876000 16.55229
881000 16.8347
886000 17.0246
891000 16.97494
896000 16.7158
901000 16.41192
906000 16.59019
911000 16.3289
916000 16.43219
921000 18.35988
926000 16.69778
931000 17.50739
936000 17.40358
941000 17.66788
946000 17.65712
951000 18.22982
956000 17.29824
961000 16.71172
966000 16.18345
971000 16.94122
976000 16.24679
981000 16.61335
986000 17.49562
991000 17.54261
996000 18.31102
