1000 10.98994
6000 14.55918
11000 15.582847
16000 15.589543
21000 15.597894
26000 15.60833
31000 15.61244
36000 15.625822
41000 15.630224
46000 15.632389
51000 15.648276
56000 15.655739
61000 15.649563
66000 15.655469
71000 15.665379
76000 15.665495
81000 15.677261
86000 15.682272
91000 15.695459
96000 15.686539
101000 15.699194
106000 15.70946
111000 15.719023
116000 15.707
121000 15.719039
126000 15.745198
131000 15.730238
136000 15.733768
141000 15.737539
146000 15.748525
151000 15.756881
156000 15.755809
161000 15.767342
166000 15.776866
171000 15.793256
176000 15.784666
181000 15.77562
186000 15.823102
191000 15.803694
196000 15.801495
201000 15.83288
206000 15.812458
211000 15.826127
216000 15.84679
221000 15.821094
226000 15.829315
231000 15.833619
236000 15.854139
241000 15.839368
246000 15.874374
251000 15.880361
256000 15.878199
261000 15.881485
266000 15.888059
271000 15.873056
276000 15.911141
281000 15.908021
286000 15.891644
291000 15.931728
296000 15.896494
301000 15.913843
306000 15.936312
311000 15.928903
316000 15.957658
321000 15.958
326000 15.957869
331000 15.936632
336000 15.959861
341000 15.959384
346000 15.976173
351000 15.967792
356000 15.962026
361000 16.004016
366000 16.025242
371000 16.033216
376000 15.982283
381000 15.986075
386000 16.021787
391000 16.005062
396000 16.05725
401000 16.058226
406000 16.039922
411000 16.029645
416000 16.023119
421000 16.030883
426000 16.022141
431000 16.091087
436000 16.073141
441000 16.062295
446000 16.061033
451000 16.111809
456000 16.107157
461000 16.117754
466000 16.109118
471000 16.09959
476000 16.068043
481000 16.094508
486000 16.154066
491000 16.135439
496000 16.11386
501000 16.153894
506000 16.161846
511000 16.143969
516000 16.181208
521000 16.225838
526000 16.129901
531000 16.145563
536000 16.214915
541000 16.149863
546000 16.152035
551000 16.180759
556000 16.190419
561000 16.182508
566000 16.197867
571000 16.209983
576000 16.201121
581000 16.281622
586000 16.206379
591000 16.234967
596000 16.256576
601000 16.263972
606000 16.23707
611000 16.273259
616000 16.222721
621000 16.210655
626000 16.267171
631000 16.267816
636000 16.262646
641000 16.264978
646000 16.307078
651000 16.281906
656000 16.28766
661000 16.249205
666000 16.250538
671000 16.326067
676000 16.278683
681000 16.374787
686000 16.333486
691000 16.358863
696000 16.276935
701000 16.336918
706000 16.34836
711000 16.392964
716000 16.323998
721000 16.421981
726000 16.344244
731000 16.318598
736000 16.362379
741000 16.339542
746000 16.434083
751000 16.362049
756000 16.410897
761000 16.460372
766000 16.36233
771000 16.372149
776000 16.403436
781000 16.45311
786000 16.436645
791000 16.428056
796000 16.521958
801000 16.441557
806000 16.434117
811000 16.469548
816000 16.469461
821000 16.461342
826000 16.471445
831000 16.43271
836000 16.490872
841000 16.430646
846000 16.491635
851000 16.576062
856000 16.455991
861000 16.525373
866000 16.613802
871000 16.501917
876000 16.482105
881000 16.493893
886000 16.586774
891000 16.485689
896000 16.50538
901000 16.631755
906000 16.466627
911000 16.584498
916000 16.594538
921000 16.51287
926000 16.519096
931000 16.566774
936000 16.557465
941000 16.60616
946000 16.529533
951000 16.59784
956000 16.542588
961000 16.64351
966000 16.609355
971000 16.589036
976000 16.592088
981000 16.515505
986000 16.68929
991000 16.697286
996000 16.574953
