1000 10.98994
6000 14.55918
11000 15.7717945454545
16000 16.5220825
21000 17.067969047619
26000 17.4928638461538
31000 17.8470848387097
36000 18.1428069444444
41000 18.4075309756098
46000 18.6345704347826
51000 18.8440701960784
56000 19.0301469642857
61000 19.2015849180328
66000 19.3594272727273
71000 19.5053269014085
76000 19.6370442105263
81000 19.7693048148148
86000 19.8863958139535
91000 20.0037835164835
96000 20.1070694791667
101000 20.28445
106000 20.293132
111000 20.303965
116000 20.31427
121000 20.32543
126000 20.325269
131000 20.357437
136000 20.354678
141000 20.378585
146000 20.375891
151000 20.39848
156000 20.392061
161000 20.409701
166000 20.438255
171000 20.430961
176000 20.447384
181000 20.461154
186000 20.471631
191000 20.486809
196000 20.463219
201000 20.531182
206000 20.489948
211000 20.510172
216000 20.530231
221000 20.55234
226000 20.568051
231000 20.565039
236000 20.58509
241000 20.573294
246000 20.569632
251000 20.615769
256000 20.596673
261000 20.604437
266000 20.612611
271000 20.647831
276000 20.633338
281000 20.63097
286000 20.651178
291000 20.688837
296000 20.670923
301000 20.682211
306000 20.701726
311000 20.703604
316000 20.717566
321000 20.717278
326000 20.733803
331000 20.735077
336000 20.800919
341000 20.781669
346000 20.765727
351000 20.783295
356000 20.773372
361000 20.77585
366000 20.818043
371000 20.780983
376000 20.807748
381000 20.834162
386000 20.836227
391000 20.832386
396000 20.879345
401000 20.861734
406000 20.908812
411000 20.878031
416000 20.870152
421000 20.89532
426000 20.940264
431000 20.880595
436000 20.906554
441000 20.921553
446000 20.982505
451000 20.932451
456000 20.976911
461000 21.035728
466000 20.986895
471000 21.001362
476000 20.967095
481000 21.037165
486000 20.988793
491000 21.004129
496000 21.082789
501000 21.046772
506000 21.044429
511000 21.065016
516000 21.081735
521000 21.033427
526000 21.131567
531000 21.058474
536000 21.083156
541000 21.112083
546000 21.097281
551000 21.086901
556000 21.093738
561000 21.116809
566000 21.124832
571000 21.185994
576000 21.17048
581000 21.191096
586000 21.200704
591000 21.155361
596000 21.212934
601000 21.184097
606000 21.222915
611000 21.18617
616000 21.297545
621000 21.358468
626000 21.272019
631000 21.208754
636000 21.308303
641000 21.264125
646000 21.280087
651000 21.238975
656000 21.363419
661000 21.326567
666000 21.353465
671000 21.282517
676000 21.400637
681000 21.342599
686000 21.335238
691000 21.32594
696000 21.382712
701000 21.401623
706000 21.351941
711000 21.350048
716000 21.365163
721000 21.388852
726000 21.421815
731000 21.353282
736000 21.493404
741000 21.359155
746000 21.334936
751000 21.443308
756000 21.42985
761000 21.537785
766000 21.471432
771000 21.454182
776000 21.495524
781000 21.500285
786000 21.508
791000 21.458703
796000 21.546259
801000 21.529637
806000 21.576289
811000 21.544228
816000 21.581134
821000 21.578486
826000 21.57044
831000 21.591789
836000 21.603601
841000 21.601864
846000 21.590715
851000 21.554265
856000 21.620012
861000 21.571223
866000 21.601857
871000 21.698
876000 21.630328
881000 21.60365
886000 21.627204
891000 21.77918
896000 21.769499
901000 21.670425
906000 21.690349
911000 21.672991
916000 21.667791
921000 21.741477
926000 21.708538
931000 21.702276
936000 21.731937
941000 21.726368
946000 21.836084
951000 21.80817
956000 21.747824
961000 21.837327
966000 21.790506
971000 21.845597
976000 21.723696
981000 21.922039
986000 21.711967
991000 21.784249
996000 21.808679
