1000 10.98994
6000 14.55918
11000 15.7717945454545
16000 16.5220825
21000 17.067969047619
26000 17.4928638461538
31000 17.8470848387097
36000 18.1428069444444
41000 18.4075309756098
46000 18.6345704347826
51000 18.8440701960784
56000 19.0301469642857
61000 19.2015849180328
66000 19.3594272727273
71000 19.5053269014085
76000 19.6370442105263
81000 19.7693048148148
86000 19.8863958139535
91000 20.0037835164835
96000 20.1070694791667
101000 20.3061574257426
106000 20.3931669811321
111000 20.4852810810811
116000 20.5715948275862
121000 20.6632338842975
126000 20.7471682539683
131000 20.8352404580153
136000 20.9119492647059
141000 20.9717127659574
146000 21.0444828767123
151000 21.1038450331126
156000 21.1692448717949
161000 21.2377751552795
166000 21.2923319277108
171000 21.3629116959064
176000 21.4191954545455
181000 21.4822872928177
186000 21.5379682795699
191000 21.5747628272251
196000 21.631418877551
201000 21.9716334991708
206000 21.9844142394822
211000 22.0568278041074
216000 22.1081867283951
221000 22.1787526395173
226000 22.1594646017699
231000 22.2425021645022
236000 22.2722302259887
241000 22.3197164591978
246000 22.3635094850949
251000 22.4158778220452
256000 22.4288971354167
261000 22.4896692209451
266000 22.514798245614
271000 22.5817109471095
276000 22.6174359903382
281000 22.6568185053381
286000 22.7045850815851
291000 22.7030561282932
296000 22.7393186936937
301000 22.793080841639
306000 22.821491285403
311000 22.8298445873526
316000 22.8484936708861
321000 22.9080996884735
326000 22.9406349693252
331000 22.983833836858
336000 22.9895674603175
341000 23.013468230694
346000 23.0543843930636
351000 23.1348584995252
356000 23.1493183520599
361000 23.1417913204063
366000 23.1860846994536
371000 23.2011985624438
376000 23.2156870567376
381000 23.2506710411199
386000 23.2517245250432
391000 23.3275959079284
396000 23.3159730639731
401000 23.3938669991687
406000 23.3717873563218
411000 23.4235352798054
416000 23.4915400641026
421000 23.4548289786223
426000 23.465858372457
431000 23.494849187935
436000 23.5403639143731
441000 23.5624353741497
446000 23.6377279521674
451000 23.6062823355506
456000 23.6067668128655
461000 23.666266088214
466000 23.6664198855508
471000 23.7061316348195
476000 23.7297450980392
481000 23.7400388080388
486000 23.7554485596708
491000 23.7848343516633
496000 23.8089200268817
501000 24.7127764471058
506000 24.7411600790514
511000 24.8015694716243
516000 24.7317286821705
521000 24.7585681381958
526000 24.8534980988593
531000 24.7971732580038
536000 24.8690279850746
541000 24.8517837338262
546000 24.8671025641026
551000 24.8612595281307
556000 24.9052823741007
561000 24.9190819964349
566000 24.8572508833922
571000 25.11623117338
576000 25.0213420138889
581000 25.0068003442341
586000 25.0473412969283
591000 25.0479763113367
596000 25.047322147651
601000 24.965608985025
606000 25.0490445544554
611000 25.1289214402619
616000 25.1722581168831
621000 25.165653784219
626000 25.2026597444089
631000 25.1786053882726
636000 25.160570754717
641000 25.2437254290172
646000 25.2389721362229
651000 25.2628356374808
656000 25.2573506097561
661000 25.3591406959153
666000 25.1985900900901
671000 25.2865722801788
676000 25.3258579881657
681000 25.352812041116
686000 25.3201034985423
691000 25.3414413892909
696000 25.3226451149425
701000 25.3849329529244
706000 25.4488838526912
711000 25.4266680731364
716000 25.4113784916201
721000 25.465773925104
726000 25.6185977961433
731000 25.5545677154583
736000 25.510495923913
741000 25.4828650472335
746000 25.4669664879357
751000 25.4595952063915
756000 25.6086851851852
761000 25.6179737187911
766000 25.5613890339426
771000 25.6893411154345
776000 25.618824742268
781000 25.5872215108835
786000 25.6921806615776
791000 25.6244386852086
796000 25.6714246231156
801000 25.6733845193508
806000 25.6875136476427
811000 25.8080924784217
816000 25.7982671568627
821000 25.7104981729598
826000 25.7043329297821
831000 25.9130709987966
836000 25.7395370813397
841000 25.8208644470868
846000 25.7674905437352
851000 25.8034324324324
856000 25.7916273364486
861000 25.7942566782811
866000 25.849935334873
871000 25.8218897818599
876000 25.9016210045662
881000 25.9467162315551
886000 25.9110225733634
891000 25.9982996632997
896000 26.0430111607143
901000 25.8633740288568
906000 25.8571136865342
911000 25.9608649835346
916000 25.9381080786026
921000 25.9821845819761
926000 25.9379276457883
931000 25.9987776584318
936000 25.9852083333333
941000 25.997124335813
946000 26.129432346723
951000 26.0142954784437
956000 26.021370292887
961000 26.0682559833507
966000 26.1158033126294
971000 26.1022070030896
976000 26.1494959016393
981000 26.1877686034659
986000 26.1362099391481
991000 26.1697638748739
996000 26.1968765060241
