4 1
6 1.98765432098765
9 2.95121951219512
13 1.96385542168675
18 2.90461997019374
24 4.7819660014782
31 1.9364437913299
39 1.93175997072814
48 4.7312289024724
58 2.86064939204882
69 1.92789555090529
81 1.92722540461902
94 2.85754537449939
108 2.85710878065819
123 2.85677252658328
139 1.92609125223758
156 2.85635473028962
174 1.92611378828277
193 1.926142920511
213 2.85640821051223
234 1.92615761412519
256 1.92614312689246
279 1.92614802354519
303 2.8563998927426
328 1.92617365629006
354 2.85640020932519
381 1.92616943735868
