64 0.001984
70 0.002070
75 0.002162
81 0.002160
88 0.002090
95 0.002016
102 0.002136
110 0.002002
119 0.001994
128 0.001969
139 0.001981
150 0.001969
162 0.001994
175 0.001970
189 0.001970
204 0.001980
220 0.001993
238 0.001986
256 0.001961
277 0.003610
299 0.004422
323 0.004750
349 0.005286
377 0.006702
407 0.009416
439 0.010349
475 0.011734
512 0.013362
553 0.018129
598 0.022151
646 0.023582
697 0.027379
753 0.030262
813 0.041384
878 0.045571
949 0.052651
1024 0.059903
1106 0.058815
1195 0.066336
1291 0.069094
1394 0.069757
1506 0.064706
1626 0.064738
1756 0.066101
1897 0.067064
2048 0.060958
2212 0.059302
2390 0.066779
2581 0.069554
2787 0.070284
3011 0.065195
3251 0.065069
3512 0.066446
3793 0.067661
4096 0.061485
4424 0.059576
4779 0.066933
5161 0.069856
5574 0.070531
6021 0.065437
6502 0.065432
7023 0.066652
7585 0.067960
8192 0.061748
8848 0.059714
9557 0.067070
10322 0.069971
11148 0.070654
12041 0.065558
13004 0.065436
14046 0.066376
15170 0.068106
16384 0.061880
17696 0.059706
19113 0.067126
20643 0.069982
