64 0.015873
70 0.016149
75 0.015856
81 0.016049
88 0.015935
95 0.015901
102 0.015919
110 0.015847
119 0.015810
128 0.015748
139 0.015744
150 0.015749
162 0.015796
175 0.015764
189 0.015760
204 0.015744
220 0.015733
238 0.015708
256 0.015686
277 0.022105
299 0.024017
323 0.025037
349 0.025590
377 0.025665
407 0.026688
439 0.025879
475 0.025396
512 0.015656
553 0.026489
598 0.027383
646 0.027494
697 0.026880
753 0.027037
813 0.029087
878 0.028111
949 0.027284
1024 0.015640
1106 0.027809
1195 0.028326
1291 0.027890
1394 0.027032
1506 0.026999
1626 0.029689
1756 0.028631
1897 0.027739
2048 0.015633
2212 0.028009
2390 0.028632
2581 0.027907
2787 0.027027
3011 0.027081
3251 0.029981
3512 0.028908
3793 0.027960
4096 0.015629
4424 0.028201
4779 0.028765
5161 0.027918
5574 0.027022
6021 0.027179
6502 0.030128
7023 0.029051
7585 0.028071
8192 0.015627
8848 0.028394
9557 0.028840
10322 0.027925
11148 0.027020
12041 0.026984
13004 0.030200
14046 0.029121
15170 0.028126
16384 0.015626
17696 0.028536
19113 0.028879
20643 0.027927
