64 0.126984
70 0.211594
75 0.214775
81 0.210185
88 0.204807
95 0.205375
102 0.215686
110 0.222352
119 0.216778
128 0.125984
139 0.221041
150 0.221387
162 0.216241
175 0.211954
189 0.205617
204 0.217618
220 0.223578
238 0.215899
256 0.125490
277 0.221865
299 0.222576
323 0.217026
349 0.211540
377 0.205655
407 0.216906
439 0.226033
475 0.218574
512 0.125245
553 0.222109
598 0.223363
646 0.217462
697 0.211399
753 0.208439
813 0.217709
878 0.226907
949 0.219234
1024 0.125122
1106 0.221523
1195 0.223737
1291 0.217762
1394 0.211238
1506 0.207134
1626 0.217798
1756 0.227188
1897 0.219581
2048 0.125061
2212 0.222189
2390 0.223956
2581 0.217881
2787 0.211190
3011 0.205233
3251 0.218154
3512 0.224359
3793 0.219771
4096 0.125031
4424 0.221171
4779 0.224031
5161 0.217949
5574 0.211152
6021 0.205115
6502 0.217827
7023 0.224832
7585 0.219854
8192 0.125015
8848 0.220733
9557 0.224046
10322 0.217983
11148 0.211133
12041 0.205134
13004 0.218497
14046 0.227484
15170 0.219871
16384 0.125008
17696 0.220775
19113 0.223851
20643 0.217996
