64 0.126984
70 0.127122
75 0.126847
81 0.126852
88 0.126437
95 0.126540
102 0.126383
110 0.126272
119 0.126193
128 0.125984
139 0.132103
150 0.131723
162 0.135802
175 0.138325
189 0.140606
204 0.138559
220 0.139851
238 0.139560
256 0.125490
277 0.138361
299 0.139638
323 0.141396
349 0.140879
377 0.140344
407 0.141768
439 0.141906
475 0.140600
512 0.125245
553 0.139634
598 0.142289
646 0.142434
697 0.141691
753 0.140753
813 0.143051
878 0.142251
949 0.140957
1024 0.125122
1106 0.140147
1195 0.143179
1291 0.142536
1394 0.141588
1506 0.140180
1626 0.143250
1756 0.142165
1897 0.140889
2048 0.125061
2212 0.140051
2390 0.143449
2581 0.142491
2787 0.141282
3011 0.140149
3251 0.143355
3512 0.142111
3793 0.140856
4096 0.125031
4424 0.141019
4779 0.143671
5161 0.142467
5574 0.141303
6021 0.140050
6502 0.143406
7023 0.142107
7585 0.140839
8192 0.125015
8848 0.141313
9557 0.143751
10322 0.142440
11148 0.141225
12041 0.140000
13004 0.143430
14046 0.142097
15170 0.140830
16384 0.125008
17696 0.141328
19113 0.143794
20643 0.142447
