64 0.126984
70 0.127122
75 0.126847
81 0.126852
88 0.126437
95 0.126540
102 0.126383
110 0.126272
119 0.126193
128 0.125984
139 0.125951
150 0.125906
162 0.125834
175 0.125780
189 0.125690
204 0.125616
220 0.125571
238 0.125554
256 0.125490
277 0.128002
299 0.128572
323 0.128666
349 0.131097
377 0.131892
407 0.132242
439 0.131713
475 0.132187
512 0.125245
553 0.131175
598 0.132440
646 0.132244
697 0.132600
753 0.132640
813 0.132090
878 0.132822
949 0.132798
1024 0.125122
1106 0.131799
1195 0.133748
1291 0.133271
1394 0.133077
1506 0.132777
1626 0.132365
1756 0.133350
1897 0.132978
2048 0.125061
2212 0.131841
2390 0.134133
2581 0.133497
2787 0.133122
3011 0.132673
3251 0.132106
3512 0.133446
3793 0.132944
4096 0.125031
4424 0.131811
4779 0.134250
5161 0.133609
5574 0.133053
6021 0.132574
6502 0.132052
7023 0.133496
7585 0.132928
8192 0.125015
8848 0.131796
9557 0.134333
10322 0.133676
11148 0.133108
12041 0.132524
13004 0.131986
14046 0.133519
15170 0.132919
16384 0.125008
17696 0.131789
19113 0.134376
20643 0.133692
