64 1.03339947089947E-05
70 9.54898411830323E-06
75 8.35398095672068E-06
81 8.1824489742482E-06
88 8.09375809375809E-06
95 8.43783186294068E-06
102 8.6329929407385E-06
110 9.12503672827283E-06
119 9.91500636212908E-06
128 1.07103311304837E-05
139 9.30721892640641E-06
150 8.60043309323791E-06
162 8.18407624285428E-06
175 8.35523681874358E-06
189 8.42624106734184E-06
204 9.36455322246645E-06
220 9.44839934821534E-06
238 1.00146349002448E-05
256 1.08506944444444E-05
277 9.52553652759593E-06
299 8.69983180841175E-06
323 8.5312756152579E-06
349 8.63624220999974E-06
377 8.78823306620885E-06
407 1.06322131695183E-05
439 1.12903972859663E-05
475 1.29442140778845E-05
512 1.23772369205602E-05
553 1.06276743415725E-05
598 9.46841702980018E-06
646 9.00310257835398E-06
697 8.88851771447539E-06
753 9.16227268570897E-06
813 1.06250916593634E-05
878 1.25955254075764E-05
949 1.42277236086842E-05
1024 1.28871884164223E-05
1106 1.3910140492419E-05
1195 1.40170868288444E-05
1291 1.41108088796018E-05
1394 1.3904323832732E-05
1506 1.3456693712415E-05
1626 1.51386129245908E-05
1756 1.60621459026926E-05
1897 1.45966649539913E-05
2048 1.53855108085002E-05
2212 1.58462986726731E-05
2390 1.48869207017519E-05
2581 1.38910163418421E-05
2787 1.4682052427291E-05
3011 1.42335246951653E-05
3251 1.4670042353832E-05
3512 1.59359228302329E-05
3793 1.33838038313972E-05
4096 1.57394688644689E-05
4424 1.56638465950835E-05
4779 1.45177848776972E-05
5161 1.27671910227121E-05
5574 1.43092133113219E-05
6021 1.38082602364592E-05
6502 1.52119133080868E-05
7023 1.70534598185001E-05
7585 1.36810938755984E-05
8192 1.38746747573556E-05
8848 1.35094987297622E-05
9557 1.45631027564209E-05
10322 1.40143892201581E-05
11148 1.44728973209858E-05
12041 1.26919624836625E-05
13004 1.53792917153988E-05
14046 1.64693061859961E-05
15170 1.67308573895178E-05
16384 1.39073575218977E-05
17696 1.37258969672474E-05
19113 1.3349753050511E-05
20643 1.41723034721468E-05
22296 1.38707466094826E-05
24081 1.17526244826258E-05
26008 1.48937730687158E-05
28091 1.5433237188414E-05
30340 1.78710086025712E-05
32768 1.36889969567324E-05
35392 1.37893784154419E-05
38225 1.23871373619169E-05
41286 1.46307477760639E-05
44591 1.49458383228445E-05
