64 0.217758
70 0.381781
75 0.479640
81 0.572840
88 0.637931
95 0.695633
102 0.754028
110 0.800167
119 0.835778
128 0.857160
139 0.900219
150 0.924474
162 0.942566
175 0.957701
189 0.977767
204 0.988554
220 0.999543
238 1.011134
256 1.013450
277 1.025271
299 1.030819
323 1.036229
349 1.040263
377 1.043809
407 1.045957
439 1.048543
475 1.051379
512 1.051301
553 1.054937
598 1.056290
646 1.057403
697 1.058316
753 1.059196
813 1.059771
878 1.060348
949 1.060784
1024 1.060222
1106 1.061437
1195 1.061660
1291 1.061885
1394 1.062118
1506 1.062269
1626 1.062409
1756 1.062419
1897 1.062582
2048 1.062190
2212 1.062626
2390 1.062720
2581 1.062743
2787 1.062723
3011 1.062736
3251 1.062744
3512 1.062670
3793 1.062779
4096 1.062552
4424 1.062680
4779 1.062732
5161 1.062749
5574 1.062739
6021 1.062729
6502 1.062718
7023 1.062583
7585 1.062698
8192 1.062578
8848 1.062576
9557 1.062666
10322 1.062655
11148 1.062635
12041 1.062638
13004 1.062619
14046 1.062621
15170 1.062613
16384 1.062552
17696 1.062549
19113 1.062592
20643 1.062580
