64 1.03339947089947E-06
70 1.30213419795044E-06
75 1.139179221371E-06
81 9.81893876909784E-07
88 1.11638042672525E-06
95 1.20540455184867E-06
102 1.05280401716323E-06
110 1.09500440739274E-06
119 1.1016673735699E-06
128 1.51043131327334E-06
139 1.06031608022351E-06
150 1.12624719078115E-06
162 1.06748820558969E-06
175 1.08308625428158E-06
189 1.07855885661976E-06
204 1.11903466180417E-06
220 1.08424254815586E-06
238 1.08266323245889E-06
256 1.67547487745098E-06
277 1.12065135618776E-06
299 1.11456919965417E-06
323 1.17956543876556E-06
349 1.14661972844629E-06
377 1.15577258687114E-06
407 1.17699776784335E-06
439 1.60021378856215E-06
475 1.19733980220432E-06
512 5.53914945419521E-06
553 1.29368287142178E-06
598 1.30190734159753E-06
646 1.32062435564008E-06
697 1.81552702253114E-06
753 1.91586640796475E-06
813 3.99158848824731E-06
878 6.33334328403561E-06
949 8.8330450737248E-06
1024 1.14552785923754E-05
1106 1.1864531596475E-05
1195 1.15640966337966E-05
1291 1.17089690703079E-05
1394 1.21019114840445E-05
1506 1.30154906398768E-05
1626 1.34355189705743E-05
1756 1.33039996365737E-05
1897 1.36235539570586E-05
2048 1.6101115962384E-05
2212 1.40060833429433E-05
2390 1.41863597275518E-05
2581 1.44917089404083E-05
2787 1.50040272612228E-05
3011 1.53368987025425E-05
3251 1.556917398197E-05
3512 1.57331757204335E-05
3793 1.6164853978181E-05
4096 2.11051968864469E-05
4424 1.66348517673725E-05
4779 1.69702613577908E-05
5161 1.68977528241778E-05
5574 1.72708502621467E-05
6021 1.76982995837934E-05
6502 1.75421986282214E-05
7023 1.76617877549507E-05
7585 1.80096737676238E-05
8192 2.31070711184532E-05
8848 1.85108876212061E-05
9557 1.84283473225987E-05
10322 1.87030613001775E-05
11148 1.8951166633818E-05
12041 1.91172684910167E-05
13004 1.93475688701893E-05
14046 1.95740922860031E-05
15170 1.98966832617941E-05
16384 2.46014560396066E-05
17696 2.15517021134177E-05
19113 2.14447432628274E-05
20643 2.37049904573861E-05
22296 2.44161351122973E-05
24081 2.6755974885978E-05
26008 2.88191699849591E-05
28091 3.16940243755169E-05
30340 3.18723191721723E-05
32768 3.66654260574664E-05
35392 3.44965986540545E-05
38225 3.52847597488051E-05
41286 3.58669807237815E-05
44591 3.62875519342986E-05
