64 0.001984
70 0.002070
75 0.002162
81 0.002160
88 0.002090
95 0.002016
102 0.002136
110 0.002002
119 0.001994
128 0.001969
139 0.001981
150 0.001969
162 0.001994
175 0.001970
189 0.001970
204 0.001980
220 0.001993
238 0.001986
256 0.001961
277 0.075080
299 0.140782
323 0.192450
349 0.243158
377 0.291707
407 0.337033
439 0.381086
475 0.427280
512 0.470157
553 0.517775
598 0.566035
646 0.617659
697 0.670200
753 0.727787
813 0.788162
878 0.853253
949 0.923753
1024 0.998106
1106 0.998655
1195 0.999166
1291 0.999494
1394 0.999812
1506 1.000080
1626 1.000294
1756 1.000476
1897 1.000627
2048 1.000504
2212 1.000848
2390 1.000932
2581 1.000993
2787 1.001043
3011 1.001083
3251 1.001113
3512 1.001136
3793 1.001153
4096 1.000981
4424 1.001169
4779 1.001176
5161 1.001174
5574 1.001173
6021 1.001169
6502 1.001165
7023 1.001157
7585 1.001152
8192 1.001039
8848 1.001137
9557 1.001129
10322 1.001123
11148 1.001115
12041 1.001108
13004 1.001100
14046 1.001093
15170 1.001086
16384 1.001023
17696 1.001072
19113 1.001067
20643 1.001061
