64 0.015873
70 0.016149
75 0.015856
81 0.016049
88 0.015935
95 0.015901
102 0.015919
110 0.015847
119 0.015810
128 0.015748
139 0.015744
150 0.015749
162 0.015796
175 0.015764
189 0.015760
204 0.015744
220 0.015733
238 0.015708
256 0.015686
277 0.016664
299 0.017845
323 0.018730
349 0.019185
377 0.019358
407 0.019341
439 0.019243
475 0.019125
512 0.027328
553 0.171325
598 0.293810
646 0.397384
697 0.483657
753 0.558733
813 0.623507
878 0.677849
949 0.725527
1024 0.763424
1106 0.800412
1195 0.830054
1291 0.855881
1394 0.877524
1506 0.896332
1626 0.912276
1756 0.925884
1897 0.937727
2048 0.946991
2212 0.956485
2390 0.963928
2581 0.970214
2787 0.975565
3011 0.980261
3251 0.984202
3512 0.987633
3793 0.990536
4096 0.992734
4424 0.995193
4779 0.997015
5161 0.998598
5574 0.999942
6021 1.001091
6502 1.002065
7023 1.002895
7585 1.003631
8192 1.004105
8848 1.004761
9557 1.005221
10322 1.005606
11148 1.005933
12041 1.006208
13004 1.006453
14046 1.006657
15170 1.006833
16384 1.006916
17696 1.007093
19113 1.007217
20643 1.007308
