64 0.126984
70 0.127122
75 0.126847
81 0.126852
88 0.126437
95 0.126540
102 0.126383
110 0.126272
119 0.126193
128 0.125984
139 0.130539
150 0.131723
162 0.132275
175 0.132808
189 0.132951
204 0.131411
220 0.131175
238 0.131794
256 0.125490
277 0.131481
299 0.131086
323 0.130742
349 0.130372
377 0.130016
407 0.129701
439 0.129372
475 0.129070
512 0.125245
553 0.128535
598 0.128076
646 0.127857
697 0.127834
753 0.127624
813 0.127440
878 0.127121
949 0.127091
1024 0.233134
1106 0.352165
1195 0.453671
1291 0.540988
1394 0.615727
1506 0.679824
1626 0.734417
1756 0.780909
1897 0.821594
2048 0.855519
2212 0.885182
2390 0.910977
2581 0.932632
2787 0.951085
3011 0.967093
3251 0.980703
3512 0.992348
3793 1.002505
4096 1.010897
4424 1.018366
4779 1.024741
5161 1.030201
5574 1.034848
6021 1.038825
6502 1.042221
7023 1.045019
7585 1.047627
8192 1.049666
8848 1.051507
9557 1.053179
10322 1.054519
11148 1.055654
12041 1.056659
13004 1.057488
14046 1.058224
15170 1.058846
16384 1.059324
17696 1.059782
19113 1.060219
20643 1.060546
