64 0.126984
70 0.127122
75 0.126847
81 0.126852
88 0.126437
95 0.126540
102 0.126383
110 0.126272
119 0.126193
128 0.125984
139 0.125951
150 0.125906
162 0.125834
175 0.125780
189 0.125690
204 0.125616
220 0.125571
238 0.125554
256 0.125490
277 0.127871
299 0.128594
323 0.128896
349 0.129006
377 0.128972
407 0.128890
439 0.128748
475 0.128608
512 0.125245
553 0.128240
598 0.127869
646 0.127689
697 0.127686
753 0.127511
813 0.127349
878 0.127054
949 0.127036
1024 0.125122
1106 0.126654
1195 0.126642
1291 0.126522
1394 0.126325
1506 0.126230
1626 0.126141
1756 0.125918
1897 0.126046
2048 0.125061
2212 0.125731
2390 0.125781
2581 0.125772
2787 0.125715
3011 0.125662
3251 0.125614
3512 0.125320
3793 0.125526
4096 0.231701
4424 0.350741
4779 0.452813
5161 0.539875
5574 0.614299
6021 0.678460
6502 0.733159
7023 0.780140
7585 0.820627
8192 0.854891
8848 0.884545
9557 0.910154
10322 0.931950
11148 0.950555
12041 0.966589
13004 0.980250
14046 0.992027
15170 1.002102
16384 1.010633
17696 1.018044
19113 1.024473
20643 1.029887
