64 1.03339947089947E-06
70 8.68089465300294E-07
75 1.51890562849467E-06
81 9.81893876909784E-07
88 1.11638042672525E-06
95 1.4464854622184E-06
102 1.05280401716323E-06
110 1.2775051419582E-06
119 1.1016673735699E-06
128 1.64774325084364E-06
139 1.17812897802613E-06
150 1.12624719078115E-06
162 1.1564455560555E-06
175 1.16044955815883E-06
189 1.14596878515849E-06
204 1.17793122295175E-06
220 1.34239553581201E-06
238 1.3082180725545E-06
256 2.07439746732026E-06
277 1.36579384035383E-06
299 1.39321149956772E-06
323 1.31672421071505E-06
349 1.39058137279657E-06
377 1.50468506592658E-06
407 1.27508091516363E-06
439 1.68911455459338E-06
475 1.31060167538581E-06
512 5.79296492783757E-06
553 1.34932514546142E-06
598 1.31505792080558E-06
646 1.42221084453547E-06
697 1.65162527744153E-06
753 1.98103193204518E-06
813 5.97302450039886E-06
878 7.08053546923082E-06
949 9.21837925479334E-06
1024 1.240988514174E-05
1106 1.10462880380974E-05
1195 1.19145238045177E-05
1291 1.20091990464696E-05
1394 1.23593989624285E-05
1506 1.30154906398768E-05
1626 1.38139842936891E-05
1756 1.39529752286017E-05
1897 1.41796173838773E-05
2048 1.78901288470933E-05
2212 1.45172542678683E-05
2390 1.77767347203273E-05
2581 1.50173149641537E-05
2787 1.75798259326774E-05
3011 1.58885857062311E-05
3251 1.82665688663843E-05
3512 1.690910895727E-05
3793 2.01626135641827E-05
4096 2.21485328907204E-05
4424 1.68903794442907E-05
4779 1.71673353606555E-05
5161 1.68414269814305E-05
5574 1.72869461151403E-05
6021 1.76017383233986E-05
6502 1.74593966117699E-05
7023 1.90203868130239E-05
7585 1.88527907345444E-05
8192 2.59684433562752E-05
8848 1.90027227995473E-05
9557 2.06347121387031E-05
10322 2.03128856479719E-05
11148 2.11520770687858E-05
12041 2.37905318511696E-05
13004 2.19171909622257E-05
14046 2.19362642412737E-05
15170 2.16784109318466E-05
16384 2.82655026838033E-05
17696 2.70861319515377E-05
19113 2.59562562387819E-05
20643 2.88515149671423E-05
22296 2.56754661315194E-05
24081 3.18295216545598E-05
26008 3.91637927923648E-05
28091 4.93425102587369E-05
30340 5.10850113993134E-05
32768 5.24779032877972E-05
35392 4.13649417821257E-05
38225 4.01509151520444E-05
41286 4.9046856767942E-05
44591 4.52811071683096E-05
