64 1.03339947089947E-06
70 1.30213419795044E-06
75 1.51890562849467E-06
81 1.30919183587971E-06
88 1.39547553340657E-06
95 1.4464854622184E-06
102 1.26336482059588E-06
110 1.2775051419582E-06
119 1.25904842693703E-06
128 1.23580743813273E-06
139 1.53156767143397E-06
150 1.74056384029815E-06
162 1.60123230838453E-06
175 1.54726607754511E-06
189 1.41560849931343E-06
204 1.35462090639452E-06
220 1.34239553581201E-06
238 1.26310710453538E-06
256 1.23666002859477E-06
277 1.6109363245199E-06
299 1.73377431057316E-06
323 1.61847350900391E-06
349 1.53695835940673E-06
377 1.48287803598561E-06
407 1.45163058034013E-06
439 1.36907179688095E-06
475 1.52094515415143E-06
512 1.47810187591732E-06
553 1.64144708416957E-06
598 1.77532819308753E-06
646 1.72697031122164E-06
697 1.5759783181694E-06
753 1.64217120682693E-06
813 1.52197258904394E-06
878 1.56554553088521E-06
949 2.43056944981689E-06
1024 2.86381964809384E-06
1106 3.68209601269914E-06
1195 3.50427170721109E-06
1291 3.90298969010262E-06
1394 4.11979965414282E-06
1506 4.19142918911287E-06
1626 3.97388589270508E-06
1756 3.73160965416091E-06
1897 4.72653912795909E-06
2048 3.2202231924768E-06
2212 4.19160158438451E-06
2390 4.37850608875057E-06
2581 4.12976161514226E-06
2787 4.44325270825912E-06
3011 4.1928212280332E-06
3251 4.11707640252703E-06
3512 3.24395375679041E-06
3793 3.89347020549736E-06
4096 3.72620001526252E-06
4424 3.60294024454612E-06
4779 4.18234828301684E-06
5161 4.14933708238143E-06
5574 4.42635957324357E-06
6021 4.19351759428931E-06
6502 4.23473169851871E-06
7023 4.13662996786447E-06
7585 4.11997363216875E-06
8192 4.74659925909535E-06
8848 3.61530793430043E-06
9557 4.04591463796805E-06
10322 4.31320284438221E-06
11148 4.45010409702817E-06
12041 3.93864705335398E-06
13004 3.86478259412156E-06
14046 4.67365352523497E-06
15170 5.26044230389903E-06
16384 4.425915010987E-06
17696 3.23986097563344E-06
19113 4.13372851558937E-06
20643 4.64900367251577E-06
22296 3.56877512476027E-06
24081 3.5369967445144E-06
26008 3.30134953965083E-06
28091 4.16943261207768E-06
30340 3.98159553364277E-06
32768 4.21343191129795E-06
35392 3.4976416650099E-06
38225 3.9319356950225E-06
41286 4.16428934615852E-06
44591 4.6823621087486E-06
